#
# There is insufficient memory for the Java Runtime Environment to continue.
# Native memory allocation (mmap) failed to map 94371840 bytes for Failed to commit area from 0x000000008fc00000 to 0x0000000095600000 of length 94371840.
# Possible reasons:
#   The system is out of physical RAM or swap space
#   The process is running with CompressedOops enabled, and the Java Heap may be blocking the growth of the native heap
# Possible solutions:
#   Reduce memory load on the system
#   Increase physical memory or swap space
#   Check if swap backing store is full
#   Decrease Java heap size (-Xmx/-Xms)
#   Decrease number of Java threads
#   Decrease Java thread stack sizes (-Xss)
#   Set larger code cache with -XX:ReservedCodeCacheSize=
#   JVM is running with Unscaled Compressed Oops mode in which the Java heap is
#     placed in the first 4GB address space. The Java Heap base address is the
#     maximum limit for the native heap growth. Please use -XX:HeapBaseMinAddress
#     to set the Java Heap base and to place the Java Heap above 4GB virtual address.
# This output file may be truncated or incomplete.
#
#  Out of Memory Error (./src/hotspot/os/windows/os_windows.cpp:3301), pid=24792, tid=9080
#
# JRE version: OpenJDK Runtime Environment (11.0.10) (build 11.0.10+0-b96-7249189)
# Java VM: OpenJDK 64-Bit Server VM (11.0.10+0-b96-7249189, mixed mode, tiered, compressed oops, g1 gc, windows-amd64)
# No core dump will be written. Minidumps are not enabled by default on client versions of Windows
#

---------------  S U M M A R Y ------------

Command Line: --add-opens=java.base/java.util=ALL-UNNAMED --add-opens=java.base/java.lang=ALL-UNNAMED --add-opens=java.base/java.lang.invoke=ALL-UNNAMED --add-opens=java.base/java.util=ALL-UNNAMED --add-opens=java.prefs/java.util.prefs=ALL-UNNAMED --add-opens=java.prefs/java.util.prefs=ALL-UNNAMED --add-opens=java.base/java.nio.charset=ALL-UNNAMED --add-opens=java.base/java.net=ALL-UNNAMED --add-opens=java.base/java.util.concurrent.atomic=ALL-UNNAMED -Xmx2048m -Dfile.encoding=UTF-8 -Duser.country=US -Duser.language=en -Duser.variant org.gradle.launcher.daemon.bootstrap.GradleDaemon 7.0.2

Host: Intel(R) Core(TM) i7-10610U CPU @ 1.80GHz, 8 cores, 15G,  Windows 10 , 64 bit Build 19041 (10.0.19041.1202)
Time: Tue Nov 16 13:44:36 2021 Eastern Standard Time elapsed time: 1033.676571 seconds (0d 0h 17m 13s)

---------------  T H R E A D  ---------------

Current thread (0x0000024c48e7a800):  VMThread "VM Thread" [stack: 0x0000004fc1000000,0x0000004fc1100000] [id=9080]

Stack: [0x0000004fc1000000,0x0000004fc1100000]
[error occurred during error reporting (printing stack bounds), id 0xc0000005, EXCEPTION_ACCESS_VIOLATION (0xc0000005) at pc=0x0000024c31ca0f2d]

Native frames: (J=compiled Java code, j=interpreted, Vv=VM code, C=native code)
V  [jvm.dll+0x5ecfaa]
V  [jvm.dll+0x722bd5]
V  [jvm.dll+0x72412d]
V  [jvm.dll+0x724745]
V  [jvm.dll+0x7246fb]
V  [jvm.dll+0x5ec348]
V  [jvm.dll+0x5ecad8]
C  [ntdll.dll+0xa20cf]
C  [ntdll.dll+0x51454]
C  [ntdll.dll+0xa0bfe]
C  0x0000024c31ca0f2d

VM_Operation (0x0000004fc45fad40): G1CollectForAllocation, mode: safepoint, requested by thread 0x0000024c52799800


---------------  P R O C E S S  ---------------

Threads class SMR info:
_java_thread_list=0x0000024c4b3c5600, length=68, elements={
0x0000024c2e1ac000, 0x0000024c48e7c800, 0x0000024c48e80000, 0x0000024c48edb800,
0x0000024c48ede000, 0x0000024c48ee0000, 0x0000024c48ee1000, 0x0000024c48ef4000,
0x0000024c48f37800, 0x0000024c49058000, 0x0000024c4a97d800, 0x0000024c49208000,
0x0000024c4a1fa000, 0x0000024c49566000, 0x0000024c49564800, 0x0000024c49567000,
0x0000024c49568000, 0x0000024c49562000, 0x0000024c49565800, 0x0000024c4adac800,
0x0000024c4adb0000, 0x0000024c4adaf000, 0x0000024c4adab000, 0x0000024c4adac000,
0x0000024c4adad800, 0x0000024c4adae000, 0x0000024c4adb5800, 0x0000024c4adb4800,
0x0000024c4f741800, 0x0000024c527a2800, 0x0000024c5279d000, 0x0000024c5279e800,
0x0000024c527a0000, 0x0000024c4bbc7000, 0x0000024c4bbc7800, 0x0000024c4bbc8800,
0x0000024c4bbc3800, 0x0000024c4bbc4800, 0x0000024c4bbc5000, 0x0000024c4bbc6000,
0x0000024c4bbc2800, 0x0000024c4bbc9000, 0x0000024c4bbcb800, 0x0000024c4bbcc800,
0x0000024c4bbcd800, 0x0000024c4bbcb000, 0x0000024c4bbcf000, 0x0000024c4bbca000,
0x0000024c4bbd0000, 0x0000024c4bbce000, 0x0000024c4bbd0800, 0x0000024c4bbd1800,
0x0000024c52798800, 0x0000024c52798000, 0x0000024c52799800, 0x0000024c52794000,
0x0000024c52796800, 0x0000024c52797000, 0x0000024c5279a800, 0x0000024c52795800,
0x0000024c52794800, 0x0000024c5279d800, 0x0000024c5279b000, 0x0000024c5279f800,
0x0000024c527a1000, 0x0000024c527a1800, 0x0000024c5279c000, 0x0000024c4b564000
}

Java Threads: ( => current thread )
  0x0000024c2e1ac000 JavaThread "main" [_thread_blocked, id=10720, stack(0x0000004fc0a00000,0x0000004fc0b00000)]
  0x0000024c48e7c800 JavaThread "Reference Handler" daemon [_thread_blocked, id=972, stack(0x0000004fc1100000,0x0000004fc1200000)]
  0x0000024c48e80000 JavaThread "Finalizer" daemon [_thread_blocked, id=29004, stack(0x0000004fc1200000,0x0000004fc1300000)]
  0x0000024c48edb800 JavaThread "Signal Dispatcher" daemon [_thread_blocked, id=4880, stack(0x0000004fc1300000,0x0000004fc1400000)]
  0x0000024c48ede000 JavaThread "Attach Listener" daemon [_thread_blocked, id=25036, stack(0x0000004fc1400000,0x0000004fc1500000)]
  0x0000024c48ee0000 JavaThread "Service Thread" daemon [_thread_blocked, id=12648, stack(0x0000004fc1500000,0x0000004fc1600000)]
  0x0000024c48ee1000 JavaThread "C2 CompilerThread0" daemon [_thread_blocked, id=22848, stack(0x0000004fc1600000,0x0000004fc1700000)]
  0x0000024c48ef4000 JavaThread "C1 CompilerThread0" daemon [_thread_blocked, id=15604, stack(0x0000004fc1700000,0x0000004fc1800000)]
  0x0000024c48f37800 JavaThread "Sweeper thread" daemon [_thread_blocked, id=4368, stack(0x0000004fc1800000,0x0000004fc1900000)]
  0x0000024c49058000 JavaThread "Common-Cleaner" daemon [_thread_blocked, id=20600, stack(0x0000004fc1900000,0x0000004fc1a00000)]
  0x0000024c4a97d800 JavaThread "Daemon health stats" [_thread_blocked, id=28412, stack(0x0000004fc2000000,0x0000004fc2100000)]
  0x0000024c49208000 JavaThread "Incoming local TCP Connector on port 59057" [_thread_in_native, id=30036, stack(0x0000004fc2100000,0x0000004fc2200000)]
  0x0000024c4a1fa000 JavaThread "Daemon periodic checks" [_thread_blocked, id=21456, stack(0x0000004fc2200000,0x0000004fc2300000)]
  0x0000024c49566000 JavaThread "Cache worker for file hash cache (C:\Users\coryg\.gradle\caches\7.0.2\fileHashes)" [_thread_blocked, id=25704, stack(0x0000004fc2900000,0x0000004fc2a00000)]
  0x0000024c49564800 JavaThread "File lock request listener" [_thread_in_native, id=20560, stack(0x0000004fc2a00000,0x0000004fc2b00000)]
  0x0000024c49567000 JavaThread "Cache worker for journal cache (C:\Users\coryg\.gradle\caches\journal-1)" [_thread_blocked, id=14320, stack(0x0000004fc2e00000,0x0000004fc2f00000)]
  0x0000024c49568000 JavaThread "File watcher server" daemon [_thread_blocked, id=16104, stack(0x0000004fc3100000,0x0000004fc3200000)]
  0x0000024c49562000 JavaThread "File watcher consumer" daemon [_thread_blocked, id=19548, stack(0x0000004fc3200000,0x0000004fc3300000)]
  0x0000024c49565800 JavaThread "jar transforms" [_thread_blocked, id=28524, stack(0x0000004fc3300000,0x0000004fc3400000)]
  0x0000024c4adac800 JavaThread "jar transforms Thread 2" [_thread_blocked, id=24776, stack(0x0000004fc3400000,0x0000004fc3500000)]
  0x0000024c4adb0000 JavaThread "jar transforms Thread 3" [_thread_blocked, id=3480, stack(0x0000004fc3500000,0x0000004fc3600000)]
  0x0000024c4adaf000 JavaThread "jar transforms Thread 4" [_thread_blocked, id=12628, stack(0x0000004fc3600000,0x0000004fc3700000)]
  0x0000024c4adab000 JavaThread "jar transforms Thread 5" [_thread_blocked, id=2176, stack(0x0000004fc3700000,0x0000004fc3800000)]
  0x0000024c4adac000 JavaThread "jar transforms Thread 6" [_thread_blocked, id=17216, stack(0x0000004fc3800000,0x0000004fc3900000)]
  0x0000024c4adad800 JavaThread "jar transforms Thread 7" [_thread_blocked, id=20124, stack(0x0000004fc3900000,0x0000004fc3a00000)]
  0x0000024c4adae000 JavaThread "jar transforms Thread 8" [_thread_blocked, id=16408, stack(0x0000004fc3a00000,0x0000004fc3b00000)]
  0x0000024c4adb5800 JavaThread "Cache worker for execution history cache (C:\Users\coryg\.gradle\caches\7.0.2\executionHistory)" [_thread_blocked, id=22320, stack(0x0000004fc3e00000,0x0000004fc3f00000)]
  0x0000024c4adb4800 JavaThread "Cache worker for file content cache (C:\Users\coryg\.gradle\caches\7.0.2\fileContent)" [_thread_blocked, id=27752, stack(0x0000004fc3f00000,0x0000004fc4000000)]
  0x0000024c4f741800 JavaThread "Memory manager" [_thread_blocked, id=19764, stack(0x0000004fc5000000,0x0000004fc5100000)]
  0x0000024c527a2800 JavaThread "ForkJoinPool.commonPool-worker-5" daemon [_thread_blocked, id=20208, stack(0x0000004fc5c00000,0x0000004fc5d00000)]
  0x0000024c5279d000 JavaThread "ForkJoinPool.commonPool-worker-7" daemon [_thread_blocked, id=26436, stack(0x0000004fc5d00000,0x0000004fc5e00000)]
  0x0000024c5279e800 JavaThread "ForkJoinPool.commonPool-worker-9" daemon [_thread_blocked, id=19324, stack(0x0000004fc5e00000,0x0000004fc5f00000)]
  0x0000024c527a0000 JavaThread "ForkJoinPool.commonPool-worker-15" daemon [_thread_blocked, id=17928, stack(0x0000004fc6100000,0x0000004fc6200000)]
  0x0000024c4bbc7000 JavaThread "ForkJoinPool.commonPool-worker-1" daemon [_thread_blocked, id=16980, stack(0x0000004fc5f00000,0x0000004fc6000000)]
  0x0000024c4bbc7800 JavaThread "ForkJoinPool.commonPool-worker-11" daemon [_thread_blocked, id=18448, stack(0x0000004fc6000000,0x0000004fc6100000)]
  0x0000024c4bbc8800 JavaThread "Daemon Thread 4" [_thread_blocked, id=11848, stack(0x0000004fc0700000,0x0000004fc0800000)]
  0x0000024c4bbc3800 JavaThread "Daemon worker Thread 4" [_thread_blocked, id=27124, stack(0x0000004fc2300000,0x0000004fc2400000)]
  0x0000024c4bbc4800 JavaThread "Handler for socket connection from /127.0.0.1:59057 to /127.0.0.1:59547" [_thread_in_native, id=3976, stack(0x0000004fc0800000,0x0000004fc0900000)]
  0x0000024c4bbc5000 JavaThread "Cancel handler" [_thread_blocked, id=28928, stack(0x0000004fc0900000,0x0000004fc0a00000)]
  0x0000024c4bbc6000 JavaThread "Asynchronous log dispatcher for DefaultDaemonConnection: socket connection from /127.0.0.1:59057 to /127.0.0.1:59547" [_thread_blocked, id=2412, stack(0x0000004fc2400000,0x0000004fc2500000)]
  0x0000024c4bbc2800 JavaThread "Stdin handler" [_thread_blocked, id=15764, stack(0x0000004fc2500000,0x0000004fc2600000)]
  0x0000024c4bbc9000 JavaThread "Daemon client event forwarder" [_thread_blocked, id=12948, stack(0x0000004fc2600000,0x0000004fc2700000)]
  0x0000024c4bbcb800 JavaThread "Cache worker for file hash cache (C:\Users\coryg\AndroidStudioProjects\DailyInspirationalQuote\.gradle\7.0.2\fileHashes)" [_thread_blocked, id=25040, stack(0x0000004fc2700000,0x0000004fc2800000)]
  0x0000024c4bbcc800 JavaThread "Cache worker for checksums cache (C:\Users\coryg\AndroidStudioProjects\DailyInspirationalQuote\.gradle\checksums)" [_thread_blocked, id=1560, stack(0x0000004fc2800000,0x0000004fc2900000)]
  0x0000024c4bbcd800 JavaThread "Cache worker for cache directory md-supplier (C:\Users\coryg\.gradle\caches\7.0.2\md-supplier)" [_thread_blocked, id=17272, stack(0x0000004fc2f00000,0x0000004fc3000000)]
  0x0000024c4bbcb000 JavaThread "Cache worker for cache directory md-rule (C:\Users\coryg\.gradle\caches\7.0.2\md-rule)" [_thread_blocked, id=5864, stack(0x0000004fc3000000,0x0000004fc3100000)]
  0x0000024c4bbcf000 JavaThread "Cache worker for dependencies-accessors (C:\Users\coryg\AndroidStudioProjects\DailyInspirationalQuote\.gradle\7.0.2\dependencies-accessors)" [_thread_blocked, id=12956, stack(0x0000004fc3b00000,0x0000004fc3c00000)]
  0x0000024c4bbca000 JavaThread "Cache worker for Build Output Cleanup Cache (C:\Users\coryg\AndroidStudioProjects\DailyInspirationalQuote\.gradle\buildOutputCleanup)" [_thread_blocked, id=24196, stack(0x0000004fc3c00000,0x0000004fc3d00000)]
  0x0000024c4bbd0000 JavaThread "C2 CompilerThread1" daemon [_thread_blocked, id=28340, stack(0x0000004fc3d00000,0x0000004fc3e00000)]
  0x0000024c4bbce000 JavaThread "Build operations" [_thread_blocked, id=5388, stack(0x0000004fc4000000,0x0000004fc4100000)]
  0x0000024c4bbd0800 JavaThread "Build operations Thread 2" [_thread_blocked, id=27712, stack(0x0000004fc4100000,0x0000004fc4200000)]
  0x0000024c4bbd1800 JavaThread "Build operations Thread 3" [_thread_blocked, id=29736, stack(0x0000004fc4200000,0x0000004fc4300000)]
  0x0000024c52798800 JavaThread "Build operations Thread 4" [_thread_blocked, id=28176, stack(0x0000004fc4300000,0x0000004fc4400000)]
  0x0000024c52798000 JavaThread "Build operations Thread 5" [_thread_blocked, id=16776, stack(0x0000004fc4400000,0x0000004fc4500000)]
  0x0000024c52799800 JavaThread "Build operations Thread 6" [_thread_blocked, id=25516, stack(0x0000004fc4500000,0x0000004fc4600000)]
  0x0000024c52794000 JavaThread "Build operations Thread 7" [_thread_blocked, id=28732, stack(0x0000004fc4600000,0x0000004fc4700000)]
  0x0000024c52796800 JavaThread "Build operations Thread 8" [_thread_blocked, id=25576, stack(0x0000004fc4700000,0x0000004fc4800000)]
  0x0000024c52797000 JavaThread "build event listener" [_thread_blocked, id=29156, stack(0x0000004fc4800000,0x0000004fc4900000)]
  0x0000024c5279a800 JavaThread "Execution worker for ':'" [_thread_blocked, id=28244, stack(0x0000004fc4900000,0x0000004fc4a00000)]
  0x0000024c52795800 JavaThread "Execution worker for ':' Thread 2" [_thread_blocked, id=16444, stack(0x0000004fc4a00000,0x0000004fc4b00000)]
  0x0000024c52794800 JavaThread "Execution worker for ':' Thread 3" [_thread_blocked, id=14372, stack(0x0000004fc4b00000,0x0000004fc4c00000)]
  0x0000024c5279d800 JavaThread "Execution worker for ':' Thread 4" [_thread_blocked, id=11804, stack(0x0000004fc4f00000,0x0000004fc5000000)]
  0x0000024c5279b000 JavaThread "Execution worker for ':' Thread 5" [_thread_blocked, id=30668, stack(0x0000004fc5100000,0x0000004fc5200000)]
  0x0000024c5279f800 JavaThread "Execution worker for ':' Thread 6" [_thread_blocked, id=25144, stack(0x0000004fc5200000,0x0000004fc5300000)]
  0x0000024c527a1000 JavaThread "Execution worker for ':' Thread 7" [_thread_blocked, id=29064, stack(0x0000004fc5300000,0x0000004fc5400000)]
  0x0000024c527a1800 JavaThread "Cache worker for execution history cache (C:\Users\coryg\AndroidStudioProjects\DailyInspirationalQuote\.gradle\7.0.2\executionHistory)" [_thread_blocked, id=14200, stack(0x0000004fc5400000,0x0000004fc5500000)]
  0x0000024c5279c000 JavaThread "C2 CompilerThread2" daemon [_thread_in_native, id=6416, stack(0x0000004fc5500000,0x0000004fc5600000)]
  0x0000024c4b564000 JavaThread "WorkerExecutor Queue" [_thread_blocked, id=23568, stack(0x0000004fc5600000,0x0000004fc5700000)]

Other Threads:
=>0x0000024c48e7a800 VMThread "VM Thread" [stack: 0x0000004fc1000000,0x0000004fc1100000] [id=9080]
  0x0000024c4906f800 WatcherThread [stack: 0x0000004fc1a00000,0x0000004fc1b00000] [id=17080]
  0x0000024c2e1c5000 GCTaskThread "GC Thread#0" [stack: 0x0000004fc0b00000,0x0000004fc0c00000] [id=24244]
  0x0000024c4a1ed800 GCTaskThread "GC Thread#1" [stack: 0x0000004fc1b00000,0x0000004fc1c00000] [id=9028]
  0x0000024c49511800 GCTaskThread "GC Thread#2" [stack: 0x0000004fc1c00000,0x0000004fc1d00000] [id=30336]
  0x0000024c49512800 GCTaskThread "GC Thread#3" [stack: 0x0000004fc1d00000,0x0000004fc1e00000] [id=26880]
  0x0000024c49dcd000 GCTaskThread "GC Thread#4" [stack: 0x0000004fc1e00000,0x0000004fc1f00000] [id=28184]
  0x0000024c497dd000 GCTaskThread "GC Thread#5" [stack: 0x0000004fc1f00000,0x0000004fc2000000] [id=20108]
  0x0000024c4a859000 GCTaskThread "GC Thread#6" [stack: 0x0000004fc2b00000,0x0000004fc2c00000] [id=21248]
  0x0000024c4a831800 GCTaskThread "GC Thread#7" [stack: 0x0000004fc2c00000,0x0000004fc2d00000] [id=28584]
  0x0000024c2e1f8800 ConcurrentGCThread "G1 Main Marker" [stack: 0x0000004fc0c00000,0x0000004fc0d00000] [id=28132]
  0x0000024c2e1f9800 ConcurrentGCThread "G1 Conc#0" [stack: 0x0000004fc0d00000,0x0000004fc0e00000] [id=28684]
  0x0000024c49f2a000 ConcurrentGCThread "G1 Conc#1" [stack: 0x0000004fc2d00000,0x0000004fc2e00000] [id=1892]
  0x0000024c484c6800 ConcurrentGCThread "G1 Refine#0" [stack: 0x0000004fc0e00000,0x0000004fc0f00000] [id=20924]
  0x0000024c4b453000 ConcurrentGCThread "G1 Refine#1" [stack: 0x0000004fc4c00000,0x0000004fc4d00000] [id=30056]
  0x0000024c4b0c1800 ConcurrentGCThread "G1 Refine#2" [stack: 0x0000004fc4d00000,0x0000004fc4e00000] [id=30332]
  0x0000024c4bb87000 ConcurrentGCThread "G1 Refine#3" [stack: 0x0000004fc4e00000,0x0000004fc4f00000] [id=23860]
  0x0000024c484c7000 ConcurrentGCThread "G1 Young RemSet Sampling" [stack: 0x0000004fc0f00000,0x0000004fc1000000] [id=14856]

Threads with active compile tasks:
C2 CompilerThread01033714 22962       4       java.util.TimSort::binarySort (223 bytes)
C1 CompilerThread01033714 22950       2       com.android.tools.r8.internal.XC::b (682 bytes)
C2 CompilerThread11033714 22763 %     4       com.android.tools.r8.internal.U6::a @ 3144 (6044 bytes)
C2 CompilerThread21033714 22813       4       com.android.tools.r8.internal.X4::a (268 bytes)

VM state:at safepoint (normal execution)

VM Mutex/Monitor currently owned by a thread:  ([mutex/lock_event])
[0x0000024c2e1a8600] Threads_lock - owner thread: 0x0000024c48e7a800
[0x0000024c2e1a8450] Heap_lock - owner thread: 0x0000024c52799800

Heap address: 0x0000000080000000, size: 2048 MB, Compressed Oops mode: 32-bit
Narrow klass base: 0x0000000000000000, Narrow klass shift: 3
Compressed class space size: 1073741824 Address: 0x0000000100000000

Heap:
 garbage-first heap   total 350208K, used 179200K [0x0000000080000000, 0x0000000100000000)
  region size 1024K, 2 young (2048K), 2 survivors (2048K)
 Metaspace       used 125657K, capacity 129615K, committed 130508K, reserved 1163264K
  class space    used 15862K, capacity 17328K, committed 17612K, reserved 1048576K
Heap Regions: E=young(eden), S=young(survivor), O=old, HS=humongous(starts), HC=humongous(continues), CS=collection set, F=free, A=archive, TAMS=top-at-mark-start (previous, next)
|   0|0x0000000080000000, 0x0000000080100000, 0x0000000080100000|100%|HS|  |TAMS 0x0000000080100000, 0x0000000080000000| Complete 
|   1|0x0000000080100000, 0x0000000080200000, 0x0000000080200000|100%|HC|  |TAMS 0x0000000080200000, 0x0000000080100000| Complete 
|   2|0x0000000080200000, 0x0000000080300000, 0x0000000080300000|100%| O|  |TAMS 0x0000000080300000, 0x0000000080200000| Untracked 
|   3|0x0000000080300000, 0x0000000080400000, 0x0000000080400000|100%|HS|  |TAMS 0x0000000080400000, 0x0000000080300000| Complete 
|   4|0x0000000080400000, 0x0000000080500000, 0x0000000080500000|100%|HC|  |TAMS 0x0000000080500000, 0x0000000080400000| Complete 
|   5|0x0000000080500000, 0x0000000080600000, 0x0000000080600000|100%|HC|  |TAMS 0x0000000080600000, 0x0000000080500000| Complete 
|   6|0x0000000080600000, 0x0000000080700000, 0x0000000080700000|100%| O|  |TAMS 0x0000000080700000, 0x0000000080600000| Untracked 
|   7|0x0000000080700000, 0x0000000080800000, 0x0000000080800000|100%| O|  |TAMS 0x0000000080800000, 0x0000000080700000| Untracked 
|   8|0x0000000080800000, 0x0000000080900000, 0x0000000080900000|100%| O|  |TAMS 0x0000000080900000, 0x0000000080800000| Complete 
|   9|0x0000000080900000, 0x0000000080a00000, 0x0000000080a00000|100%|HS|  |TAMS 0x0000000080a00000, 0x0000000080900000| Complete 
|  10|0x0000000080a00000, 0x0000000080b00000, 0x0000000080b00000|100%|HC|  |TAMS 0x0000000080b00000, 0x0000000080a00000| Complete 
|  11|0x0000000080b00000, 0x0000000080c00000, 0x0000000080c00000|100%|HC|  |TAMS 0x0000000080c00000, 0x0000000080b00000| Complete 
|  12|0x0000000080c00000, 0x0000000080d00000, 0x0000000080d00000|100%|HS|  |TAMS 0x0000000080d00000, 0x0000000080c00000| Complete 
|  13|0x0000000080d00000, 0x0000000080e00000, 0x0000000080e00000|100%|HC|  |TAMS 0x0000000080e00000, 0x0000000080d00000| Complete 
|  14|0x0000000080e00000, 0x0000000080f00000, 0x0000000080f00000|100%|HC|  |TAMS 0x0000000080f00000, 0x0000000080e00000| Complete 
|  15|0x0000000080f00000, 0x0000000081000000, 0x0000000081000000|100%|HC|  |TAMS 0x0000000081000000, 0x0000000080f00000| Complete 
|  16|0x0000000081000000, 0x0000000081100000, 0x0000000081100000|100%|HC|  |TAMS 0x0000000081100000, 0x0000000081000000| Complete 
|  17|0x0000000081100000, 0x0000000081200000, 0x0000000081200000|100%| O|  |TAMS 0x0000000081200000, 0x0000000081100000| Untracked 
|  18|0x0000000081200000, 0x0000000081300000, 0x0000000081300000|100%| O|  |TAMS 0x0000000081300000, 0x0000000081200000| Untracked 
|  19|0x0000000081300000, 0x0000000081400000, 0x0000000081400000|100%| O|  |TAMS 0x0000000081400000, 0x0000000081300000| Complete 
|  20|0x0000000081400000, 0x0000000081500000, 0x0000000081500000|100%| O|  |TAMS 0x0000000081500000, 0x0000000081400000| Untracked 
|  21|0x0000000081500000, 0x0000000081500000, 0x0000000081600000|  0%| F|  |TAMS 0x0000000081500000, 0x0000000081500000| Untracked 
|  22|0x0000000081600000, 0x0000000081700000, 0x0000000081700000|100%| O|  |TAMS 0x0000000081700000, 0x0000000081600000| Untracked 
|  23|0x0000000081700000, 0x0000000081800000, 0x0000000081800000|100%| O|  |TAMS 0x0000000081800000, 0x0000000081700000| Untracked 
|  24|0x0000000081800000, 0x0000000081900000, 0x0000000081900000|100%| O|  |TAMS 0x0000000081900000, 0x0000000081800000| Untracked 
|  25|0x0000000081900000, 0x0000000081a00000, 0x0000000081a00000|100%| O|  |TAMS 0x0000000081a00000, 0x0000000081900000| Untracked 
|  26|0x0000000081a00000, 0x0000000081b00000, 0x0000000081b00000|100%| O|  |TAMS 0x0000000081b00000, 0x0000000081a00000| Untracked 
|  27|0x0000000081b00000, 0x0000000081c00000, 0x0000000081c00000|100%|HS|  |TAMS 0x0000000081c00000, 0x0000000081b00000| Complete 
|  28|0x0000000081c00000, 0x0000000081d00000, 0x0000000081d00000|100%|HS|  |TAMS 0x0000000081d00000, 0x0000000081c00000| Complete 
|  29|0x0000000081d00000, 0x0000000081e00000, 0x0000000081e00000|100%|HS|  |TAMS 0x0000000081e00000, 0x0000000081d00000| Complete 
|  30|0x0000000081e00000, 0x0000000081f00000, 0x0000000081f00000|100%|HS|  |TAMS 0x0000000081f00000, 0x0000000081e00000| Complete 
|  31|0x0000000081f00000, 0x0000000082000000, 0x0000000082000000|100%|HC|  |TAMS 0x0000000082000000, 0x0000000081f00000| Complete 
|  32|0x0000000082000000, 0x0000000082100000, 0x0000000082100000|100%|HC|  |TAMS 0x0000000082100000, 0x0000000082000000| Complete 
|  33|0x0000000082100000, 0x0000000082200000, 0x0000000082200000|100%|HC|  |TAMS 0x0000000082200000, 0x0000000082100000| Complete 
|  34|0x0000000082200000, 0x0000000082300000, 0x0000000082300000|100%|HC|  |TAMS 0x0000000082300000, 0x0000000082200000| Complete 
|  35|0x0000000082300000, 0x0000000082400000, 0x0000000082400000|100%|HS|  |TAMS 0x0000000082400000, 0x0000000082300000| Complete 
|  36|0x0000000082400000, 0x0000000082500000, 0x0000000082500000|100%|HC|  |TAMS 0x0000000082500000, 0x0000000082400000| Complete 
|  37|0x0000000082500000, 0x0000000082600000, 0x0000000082600000|100%|HC|  |TAMS 0x0000000082600000, 0x0000000082500000| Complete 
|  38|0x0000000082600000, 0x0000000082700000, 0x0000000082700000|100%| O|  |TAMS 0x0000000082700000, 0x0000000082600000| Untracked 
|  39|0x0000000082700000, 0x0000000082700000, 0x0000000082800000|  0%| F|  |TAMS 0x0000000082700000, 0x0000000082700000| Untracked 
|  40|0x0000000082800000, 0x0000000082900000, 0x0000000082900000|100%| O|  |TAMS 0x0000000082900000, 0x0000000082800000| Complete 
|  41|0x0000000082900000, 0x0000000082a00000, 0x0000000082a00000|100%|HS|  |TAMS 0x0000000082a00000, 0x0000000082900000| Complete 
|  42|0x0000000082a00000, 0x0000000082b00000, 0x0000000082b00000|100%|HC|  |TAMS 0x0000000082b00000, 0x0000000082a00000| Complete 
|  43|0x0000000082b00000, 0x0000000082c00000, 0x0000000082c00000|100%|HC|  |TAMS 0x0000000082c00000, 0x0000000082b00000| Complete 
|  44|0x0000000082c00000, 0x0000000082d00000, 0x0000000082d00000|100%|HS|  |TAMS 0x0000000082d00000, 0x0000000082c00000| Complete 
|  45|0x0000000082d00000, 0x0000000082e00000, 0x0000000082e00000|100%|HC|  |TAMS 0x0000000082e00000, 0x0000000082d00000| Complete 
|  46|0x0000000082e00000, 0x0000000082f00000, 0x0000000082f00000|100%| O|  |TAMS 0x0000000082f00000, 0x0000000082e00000| Untracked 
|  47|0x0000000082f00000, 0x0000000083000000, 0x0000000083000000|100%| O|  |TAMS 0x0000000083000000, 0x0000000082f00000| Untracked 
|  48|0x0000000083000000, 0x0000000083100000, 0x0000000083100000|100%| O|  |TAMS 0x0000000083100000, 0x0000000083000000| Untracked 
|  49|0x0000000083100000, 0x0000000083200000, 0x0000000083200000|100%| O|  |TAMS 0x0000000083200000, 0x0000000083100000| Untracked 
|  50|0x0000000083200000, 0x0000000083300000, 0x0000000083300000|100%| O|  |TAMS 0x0000000083300000, 0x0000000083200000| Complete 
|  51|0x0000000083300000, 0x0000000083400000, 0x0000000083400000|100%| O|  |TAMS 0x0000000083400000, 0x0000000083300000| Complete 
|  52|0x0000000083400000, 0x0000000083500000, 0x0000000083500000|100%| O|  |TAMS 0x0000000083500000, 0x0000000083400000| Untracked 
|  53|0x0000000083500000, 0x0000000083600000, 0x0000000083600000|100%| O|  |TAMS 0x0000000083600000, 0x0000000083500000| Untracked 
|  54|0x0000000083600000, 0x0000000083700000, 0x0000000083700000|100%| O|  |TAMS 0x0000000083700000, 0x0000000083600000| Untracked 
|  55|0x0000000083700000, 0x0000000083800000, 0x0000000083800000|100%| O|  |TAMS 0x0000000083800000, 0x0000000083700000| Untracked 
|  56|0x0000000083800000, 0x0000000083900000, 0x0000000083900000|100%| O|  |TAMS 0x0000000083900000, 0x0000000083800000| Untracked 
|  57|0x0000000083900000, 0x0000000083a00000, 0x0000000083a00000|100%| O|  |TAMS 0x0000000083a00000, 0x0000000083900000| Untracked 
|  58|0x0000000083a00000, 0x0000000083b00000, 0x0000000083b00000|100%| O|  |TAMS 0x0000000083b00000, 0x0000000083a00000| Untracked 
|  59|0x0000000083b00000, 0x0000000083c00000, 0x0000000083c00000|100%| O|  |TAMS 0x0000000083c00000, 0x0000000083b00000| Untracked 
|  60|0x0000000083c00000, 0x0000000083d00000, 0x0000000083d00000|100%| O|  |TAMS 0x0000000083d00000, 0x0000000083c00000| Untracked 
|  61|0x0000000083d00000, 0x0000000083e00000, 0x0000000083e00000|100%| O|  |TAMS 0x0000000083e00000, 0x0000000083d00000| Untracked 
|  62|0x0000000083e00000, 0x0000000083f00000, 0x0000000083f00000|100%| O|  |TAMS 0x0000000083f00000, 0x0000000083e00000| Untracked 
|  63|0x0000000083f00000, 0x0000000084000000, 0x0000000084000000|100%| O|  |TAMS 0x0000000084000000, 0x0000000083f00000| Untracked 
|  64|0x0000000084000000, 0x0000000084100000, 0x0000000084100000|100%| O|  |TAMS 0x0000000084100000, 0x0000000084000000| Complete 
|  65|0x0000000084100000, 0x0000000084200000, 0x0000000084200000|100%| O|  |TAMS 0x0000000084200000, 0x0000000084100000| Untracked 
|  66|0x0000000084200000, 0x0000000084300000, 0x0000000084300000|100%| O|  |TAMS 0x0000000084300000, 0x0000000084200000| Untracked 
|  67|0x0000000084300000, 0x0000000084400000, 0x0000000084400000|100%| O|  |TAMS 0x0000000084400000, 0x0000000084300000| Complete 
|  68|0x0000000084400000, 0x0000000084500000, 0x0000000084500000|100%| O|  |TAMS 0x0000000084500000, 0x0000000084400000| Complete 
|  69|0x0000000084500000, 0x0000000084600000, 0x0000000084600000|100%| O|  |TAMS 0x0000000084600000, 0x0000000084500000| Untracked 
|  70|0x0000000084600000, 0x0000000084700000, 0x0000000084700000|100%| O|  |TAMS 0x0000000084700000, 0x0000000084600000| Complete 
|  71|0x0000000084700000, 0x0000000084700000, 0x0000000084800000|  0%| F|  |TAMS 0x0000000084700000, 0x0000000084700000| Untracked 
|  72|0x0000000084800000, 0x0000000084900000, 0x0000000084900000|100%| O|  |TAMS 0x0000000084900000, 0x0000000084800000| Untracked 
|  73|0x0000000084900000, 0x0000000084a00000, 0x0000000084a00000|100%| O|  |TAMS 0x0000000084a00000, 0x0000000084900000| Complete 
|  74|0x0000000084a00000, 0x0000000084b00000, 0x0000000084b00000|100%| O|  |TAMS 0x0000000084b00000, 0x0000000084a00000| Untracked 
|  75|0x0000000084b00000, 0x0000000084c00000, 0x0000000084c00000|100%| O|  |TAMS 0x0000000084c00000, 0x0000000084b00000| Untracked 
|  76|0x0000000084c00000, 0x0000000084d00000, 0x0000000084d00000|100%| O|  |TAMS 0x0000000084d00000, 0x0000000084c00000| Untracked 
|  77|0x0000000084d00000, 0x0000000084e00000, 0x0000000084e00000|100%| O|  |TAMS 0x0000000084e00000, 0x0000000084d00000| Complete 
|  78|0x0000000084e00000, 0x0000000084f00000, 0x0000000084f00000|100%| O|  |TAMS 0x0000000084f00000, 0x0000000084e00000| Complete 
|  79|0x0000000084f00000, 0x0000000085000000, 0x0000000085000000|100%| O|  |TAMS 0x0000000085000000, 0x0000000084f00000| Untracked 
|  80|0x0000000085000000, 0x0000000085100000, 0x0000000085100000|100%| O|  |TAMS 0x0000000085100000, 0x0000000085000000| Complete 
|  81|0x0000000085100000, 0x0000000085100000, 0x0000000085200000|  0%| F|  |TAMS 0x0000000085100000, 0x0000000085100000| Untracked 
|  82|0x0000000085200000, 0x0000000085300000, 0x0000000085300000|100%| O|  |TAMS 0x0000000085300000, 0x0000000085200000| Untracked 
|  83|0x0000000085300000, 0x0000000085400000, 0x0000000085400000|100%| O|  |TAMS 0x0000000085400000, 0x0000000085300000| Complete 
|  84|0x0000000085400000, 0x0000000085500000, 0x0000000085500000|100%| O|  |TAMS 0x0000000085500000, 0x0000000085400000| Untracked 
|  85|0x0000000085500000, 0x0000000085600000, 0x0000000085600000|100%| O|  |TAMS 0x0000000085600000, 0x0000000085500000| Untracked 
|  86|0x0000000085600000, 0x0000000085700000, 0x0000000085700000|100%| O|  |TAMS 0x0000000085700000, 0x0000000085600000| Complete 
|  87|0x0000000085700000, 0x0000000085800000, 0x0000000085800000|100%| O|  |TAMS 0x0000000085800000, 0x0000000085700000| Untracked 
|  88|0x0000000085800000, 0x0000000085900000, 0x0000000085900000|100%| O|  |TAMS 0x0000000085900000, 0x0000000085800000| Untracked 
|  89|0x0000000085900000, 0x0000000085a00000, 0x0000000085a00000|100%| O|  |TAMS 0x0000000085a00000, 0x0000000085900000| Complete 
|  90|0x0000000085a00000, 0x0000000085b00000, 0x0000000085b00000|100%| O|  |TAMS 0x0000000085b00000, 0x0000000085a00000| Complete 
|  91|0x0000000085b00000, 0x0000000085c00000, 0x0000000085c00000|100%| O|  |TAMS 0x0000000085c00000, 0x0000000085b00000| Complete 
|  92|0x0000000085c00000, 0x0000000085d00000, 0x0000000085d00000|100%| O|  |TAMS 0x0000000085d00000, 0x0000000085c00000| Complete 
|  93|0x0000000085d00000, 0x0000000085e00000, 0x0000000085e00000|100%| O|  |TAMS 0x0000000085e00000, 0x0000000085d00000| Complete 
|  94|0x0000000085e00000, 0x0000000085f00000, 0x0000000085f00000|100%| O|  |TAMS 0x0000000085f00000, 0x0000000085e00000| Complete 
|  95|0x0000000085f00000, 0x0000000086000000, 0x0000000086000000|100%| O|  |TAMS 0x0000000086000000, 0x0000000085f00000| Untracked 
|  96|0x0000000086000000, 0x0000000086100000, 0x0000000086100000|100%| O|  |TAMS 0x0000000086100000, 0x0000000086000000| Complete 
|  97|0x0000000086100000, 0x0000000086100000, 0x0000000086200000|  0%| F|  |TAMS 0x0000000086100000, 0x0000000086100000| Untracked 
|  98|0x0000000086200000, 0x0000000086200000, 0x0000000086300000|  0%| F|  |TAMS 0x0000000086200000, 0x0000000086200000| Untracked 
|  99|0x0000000086300000, 0x0000000086400000, 0x0000000086400000|100%| O|  |TAMS 0x0000000086400000, 0x0000000086300000| Complete 
| 100|0x0000000086400000, 0x0000000086500000, 0x0000000086500000|100%| O|  |TAMS 0x0000000086500000, 0x0000000086400000| Complete 
| 101|0x0000000086500000, 0x0000000086600000, 0x0000000086600000|100%| O|  |TAMS 0x0000000086600000, 0x0000000086500000| Untracked 
| 102|0x0000000086600000, 0x0000000086700000, 0x0000000086700000|100%| O|  |TAMS 0x0000000086700000, 0x0000000086600000| Untracked 
| 103|0x0000000086700000, 0x0000000086700000, 0x0000000086800000|  0%| F|  |TAMS 0x0000000086700000, 0x0000000086700000| Untracked 
| 104|0x0000000086800000, 0x0000000086900000, 0x0000000086900000|100%| O|  |TAMS 0x0000000086900000, 0x0000000086800000| Complete 
| 105|0x0000000086900000, 0x0000000086a00000, 0x0000000086a00000|100%| O|  |TAMS 0x0000000086900000, 0x0000000086900000| Untracked 
| 106|0x0000000086a00000, 0x0000000086b00000, 0x0000000086b00000|100%| O|  |TAMS 0x0000000086a00000, 0x0000000086a00000| Untracked 
| 107|0x0000000086b00000, 0x0000000086c00000, 0x0000000086c00000|100%| O|  |TAMS 0x0000000086b00000, 0x0000000086b00000| Untracked 
| 108|0x0000000086c00000, 0x0000000086d00000, 0x0000000086d00000|100%| O|  |TAMS 0x0000000086d00000, 0x0000000086c00000| Complete 
| 109|0x0000000086d00000, 0x0000000086d00000, 0x0000000086e00000|  0%| F|  |TAMS 0x0000000086d00000, 0x0000000086d00000| Untracked 
| 110|0x0000000086e00000, 0x0000000086f00000, 0x0000000086f00000|100%| O|  |TAMS 0x0000000086f00000, 0x0000000086e00000| Complete 
| 111|0x0000000086f00000, 0x0000000087000000, 0x0000000087000000|100%| O|  |TAMS 0x0000000087000000, 0x0000000086f00000| Complete 
| 112|0x0000000087000000, 0x0000000087100000, 0x0000000087100000|100%| O|  |TAMS 0x0000000087100000, 0x0000000087000000| Complete 
| 113|0x0000000087100000, 0x0000000087100000, 0x0000000087200000|  0%| F|  |TAMS 0x0000000087100000, 0x0000000087100000| Untracked 
| 114|0x0000000087200000, 0x0000000087300000, 0x0000000087300000|100%| O|  |TAMS 0x0000000087300000, 0x0000000087200000| Untracked 
| 115|0x0000000087300000, 0x0000000087400000, 0x0000000087400000|100%| O|  |TAMS 0x0000000087400000, 0x0000000087300000| Complete 
| 116|0x0000000087400000, 0x0000000087500000, 0x0000000087500000|100%| O|  |TAMS 0x0000000087500000, 0x0000000087400000| Untracked 
| 117|0x0000000087500000, 0x0000000087600000, 0x0000000087600000|100%| O|  |TAMS 0x0000000087600000, 0x0000000087500000| Untracked 
| 118|0x0000000087600000, 0x0000000087700000, 0x0000000087700000|100%| O|  |TAMS 0x0000000087700000, 0x0000000087600000| Untracked 
| 119|0x0000000087700000, 0x0000000087800000, 0x0000000087800000|100%| O|  |TAMS 0x0000000087800000, 0x0000000087700000| Untracked 
| 120|0x0000000087800000, 0x0000000087900000, 0x0000000087900000|100%| O|  |TAMS 0x0000000087900000, 0x0000000087800000| Untracked 
| 121|0x0000000087900000, 0x0000000087a00000, 0x0000000087a00000|100%| O|  |TAMS 0x0000000087a00000, 0x0000000087900000| Untracked 
| 122|0x0000000087a00000, 0x0000000087b00000, 0x0000000087b00000|100%| O|  |TAMS 0x0000000087b00000, 0x0000000087a00000| Complete 
| 123|0x0000000087b00000, 0x0000000087c00000, 0x0000000087c00000|100%| O|  |TAMS 0x0000000087c00000, 0x0000000087b00000| Complete 
| 124|0x0000000087c00000, 0x0000000087d00000, 0x0000000087d00000|100%| O|  |TAMS 0x0000000087d00000, 0x0000000087c00000| Complete 
| 125|0x0000000087d00000, 0x0000000087e00000, 0x0000000087e00000|100%| O|  |TAMS 0x0000000087e00000, 0x0000000087d00000| Untracked 
| 126|0x0000000087e00000, 0x0000000087e00000, 0x0000000087f00000|  0%| F|  |TAMS 0x0000000087e00000, 0x0000000087e00000| Untracked 
| 127|0x0000000087f00000, 0x0000000088000000, 0x0000000088000000|100%| O|  |TAMS 0x0000000088000000, 0x0000000087f00000| Complete 
| 128|0x0000000088000000, 0x0000000088100000, 0x0000000088100000|100%| O|  |TAMS 0x0000000088100000, 0x0000000088000000| Complete 
| 129|0x0000000088100000, 0x0000000088200000, 0x0000000088200000|100%| O|  |TAMS 0x0000000088200000, 0x0000000088100000| Complete 
| 130|0x0000000088200000, 0x0000000088300000, 0x0000000088300000|100%| O|  |TAMS 0x0000000088300000, 0x0000000088200000| Untracked 
| 131|0x0000000088300000, 0x0000000088400000, 0x0000000088400000|100%| O|  |TAMS 0x0000000088400000, 0x0000000088300000| Untracked 
| 132|0x0000000088400000, 0x0000000088500000, 0x0000000088500000|100%| O|  |TAMS 0x0000000088500000, 0x0000000088400000| Untracked 
| 133|0x0000000088500000, 0x0000000088600000, 0x0000000088600000|100%| O|  |TAMS 0x0000000088600000, 0x0000000088500000| Untracked 
| 134|0x0000000088600000, 0x0000000088700000, 0x0000000088700000|100%| O|  |TAMS 0x0000000088700000, 0x0000000088600000| Untracked 
| 135|0x0000000088700000, 0x0000000088800000, 0x0000000088800000|100%| O|  |TAMS 0x0000000088800000, 0x0000000088700000| Untracked 
| 136|0x0000000088800000, 0x0000000088900000, 0x0000000088900000|100%|HS|  |TAMS 0x0000000088900000, 0x0000000088800000| Complete 
| 137|0x0000000088900000, 0x0000000088a00000, 0x0000000088a00000|100%|HC|  |TAMS 0x0000000088a00000, 0x0000000088900000| Complete 
| 138|0x0000000088a00000, 0x0000000088b00000, 0x0000000088b00000|100%| O|  |TAMS 0x0000000088b00000, 0x0000000088a00000| Untracked 
| 139|0x0000000088b00000, 0x0000000088c00000, 0x0000000088c00000|100%| O|  |TAMS 0x0000000088c00000, 0x0000000088b00000| Complete 
| 140|0x0000000088c00000, 0x0000000088c00000, 0x0000000088d00000|  0%| F|  |TAMS 0x0000000088c00000, 0x0000000088c00000| Untracked 
| 141|0x0000000088d00000, 0x0000000088e00000, 0x0000000088e00000|100%| O|  |TAMS 0x0000000088e00000, 0x0000000088d00000| Complete 
| 142|0x0000000088e00000, 0x0000000088e00000, 0x0000000088f00000|  0%| F|  |TAMS 0x0000000088e00000, 0x0000000088e00000| Untracked 
| 143|0x0000000088f00000, 0x0000000088f00000, 0x0000000089000000|  0%| F|  |TAMS 0x0000000088f00000, 0x0000000088f00000| Untracked 
| 144|0x0000000089000000, 0x0000000089100000, 0x0000000089100000|100%| O|  |TAMS 0x0000000089100000, 0x0000000089000000| Complete 
| 145|0x0000000089100000, 0x0000000089100000, 0x0000000089200000|  0%| F|  |TAMS 0x0000000089100000, 0x0000000089100000| Untracked 
| 146|0x0000000089200000, 0x0000000089200000, 0x0000000089300000|  0%| F|  |TAMS 0x0000000089200000, 0x0000000089200000| Untracked 
| 147|0x0000000089300000, 0x0000000089300000, 0x0000000089400000|  0%| F|  |TAMS 0x0000000089300000, 0x0000000089300000| Untracked 
| 148|0x0000000089400000, 0x0000000089500000, 0x0000000089500000|100%| O|  |TAMS 0x0000000089500000, 0x0000000089400000| Untracked 
| 149|0x0000000089500000, 0x0000000089500000, 0x0000000089600000|  0%| F|  |TAMS 0x0000000089500000, 0x0000000089500000| Untracked 
| 150|0x0000000089600000, 0x0000000089700000, 0x0000000089700000|100%| O|  |TAMS 0x0000000089600000, 0x0000000089600000| Untracked 
| 151|0x0000000089700000, 0x0000000089800000, 0x0000000089800000|100%| O|  |TAMS 0x0000000089800000, 0x0000000089700000| Complete 
| 152|0x0000000089800000, 0x0000000089900000, 0x0000000089900000|100%| O|  |TAMS 0x0000000089900000, 0x0000000089800000| Complete 
| 153|0x0000000089900000, 0x0000000089a00000, 0x0000000089a00000|100%| O|  |TAMS 0x0000000089900000, 0x0000000089900000| Untracked 
| 154|0x0000000089a00000, 0x0000000089b00000, 0x0000000089b00000|100%| O|  |TAMS 0x0000000089a00000, 0x0000000089a00000| Untracked 
| 155|0x0000000089b00000, 0x0000000089c00000, 0x0000000089c00000|100%| O|  |TAMS 0x0000000089c00000, 0x0000000089b00000| Untracked 
| 156|0x0000000089c00000, 0x0000000089c00000, 0x0000000089d00000|  0%| F|  |TAMS 0x0000000089c00000, 0x0000000089c00000| Untracked 
| 157|0x0000000089d00000, 0x0000000089e00000, 0x0000000089e00000|100%| O|  |TAMS 0x0000000089e00000, 0x0000000089d00000| Untracked 
| 158|0x0000000089e00000, 0x0000000089f00000, 0x0000000089f00000|100%| O|  |TAMS 0x0000000089e00000, 0x0000000089e00000| Untracked 
| 159|0x0000000089f00000, 0x0000000089f00000, 0x000000008a000000|  0%| F|  |TAMS 0x0000000089f00000, 0x0000000089f00000| Untracked 
| 160|0x000000008a000000, 0x000000008a000000, 0x000000008a100000|  0%| F|  |TAMS 0x000000008a000000, 0x000000008a000000| Untracked 
| 161|0x000000008a100000, 0x000000008a200000, 0x000000008a200000|100%| O|  |TAMS 0x000000008a100000, 0x000000008a100000| Untracked 
| 162|0x000000008a200000, 0x000000008a200000, 0x000000008a300000|  0%| F|  |TAMS 0x000000008a200000, 0x000000008a200000| Untracked 
| 163|0x000000008a300000, 0x000000008a400000, 0x000000008a400000|100%| O|  |TAMS 0x000000008a400000, 0x000000008a300000| Untracked 
| 164|0x000000008a400000, 0x000000008a500000, 0x000000008a500000|100%| O|  |TAMS 0x000000008a500000, 0x000000008a400000| Untracked 
| 165|0x000000008a500000, 0x000000008a500000, 0x000000008a600000|  0%| F|  |TAMS 0x000000008a500000, 0x000000008a500000| Untracked 
| 166|0x000000008a600000, 0x000000008a600000, 0x000000008a700000|  0%| F|  |TAMS 0x000000008a600000, 0x000000008a600000| Untracked 
| 167|0x000000008a700000, 0x000000008a800000, 0x000000008a800000|100%| O|  |TAMS 0x000000008a800000, 0x000000008a700000| Untracked 
| 168|0x000000008a800000, 0x000000008a900000, 0x000000008a900000|100%| O|  |TAMS 0x000000008a900000, 0x000000008a800000| Untracked 
| 169|0x000000008a900000, 0x000000008aa00000, 0x000000008aa00000|100%| O|  |TAMS 0x000000008aa00000, 0x000000008a900000| Complete 
| 170|0x000000008aa00000, 0x000000008ab00000, 0x000000008ab00000|100%| O|  |TAMS 0x000000008ab00000, 0x000000008aa00000| Complete 
| 171|0x000000008ab00000, 0x000000008ac00000, 0x000000008ac00000|100%| O|  |TAMS 0x000000008ac00000, 0x000000008ab00000| Complete 
| 172|0x000000008ac00000, 0x000000008ad00000, 0x000000008ad00000|100%| O|  |TAMS 0x000000008ad00000, 0x000000008ac00000| Untracked 
| 173|0x000000008ad00000, 0x000000008ad00000, 0x000000008ae00000|  0%| F|  |TAMS 0x000000008ad00000, 0x000000008ad00000| Untracked 
| 174|0x000000008ae00000, 0x000000008af00000, 0x000000008af00000|100%| O|  |TAMS 0x000000008af00000, 0x000000008ae00000| Complete 
| 175|0x000000008af00000, 0x000000008b000000, 0x000000008b000000|100%| O|  |TAMS 0x000000008b000000, 0x000000008af00000| Complete 
| 176|0x000000008b000000, 0x000000008b100000, 0x000000008b100000|100%| O|  |TAMS 0x000000008b100000, 0x000000008b000000| Untracked 
| 177|0x000000008b100000, 0x000000008b100000, 0x000000008b200000|  0%| F|  |TAMS 0x000000008b100000, 0x000000008b100000| Untracked 
| 178|0x000000008b200000, 0x000000008b200000, 0x000000008b300000|  0%| F|  |TAMS 0x000000008b200000, 0x000000008b200000| Untracked 
| 179|0x000000008b300000, 0x000000008b400000, 0x000000008b400000|100%| O|  |TAMS 0x000000008b300000, 0x000000008b300000| Untracked 
| 180|0x000000008b400000, 0x000000008b500000, 0x000000008b500000|100%| O|  |TAMS 0x000000008b400000, 0x000000008b400000| Untracked 
| 181|0x000000008b500000, 0x000000008b600000, 0x000000008b600000|100%| O|  |TAMS 0x000000008b500000, 0x000000008b500000| Untracked 
| 182|0x000000008b600000, 0x000000008b700000, 0x000000008b700000|100%| O|  |TAMS 0x000000008b600000, 0x000000008b600000| Untracked 
| 183|0x000000008b700000, 0x000000008b800000, 0x000000008b800000|100%| O|  |TAMS 0x000000008b700000, 0x000000008b700000| Untracked 
| 184|0x000000008b800000, 0x000000008b900000, 0x000000008b900000|100%| O|  |TAMS 0x000000008b800000, 0x000000008b800000| Untracked 
| 185|0x000000008b900000, 0x000000008ba00000, 0x000000008ba00000|100%| O|  |TAMS 0x000000008b900000, 0x000000008b900000| Untracked 
| 186|0x000000008ba00000, 0x000000008bb00000, 0x000000008bb00000|100%| O|  |TAMS 0x000000008ba00000, 0x000000008ba00000| Untracked 
| 187|0x000000008bb00000, 0x000000008bc00000, 0x000000008bc00000|100%| O|  |TAMS 0x000000008bb00000, 0x000000008bb00000| Untracked 
| 188|0x000000008bc00000, 0x000000008bd00000, 0x000000008bd00000|100%| O|  |TAMS 0x000000008bc00000, 0x000000008bc00000| Untracked 
| 189|0x000000008bd00000, 0x000000008be00000, 0x000000008be00000|100%| O|  |TAMS 0x000000008bd00000, 0x000000008bd00000| Untracked 
| 190|0x000000008be00000, 0x000000008bf00000, 0x000000008bf00000|100%| O|  |TAMS 0x000000008be00000, 0x000000008be00000| Untracked 
| 191|0x000000008bf00000, 0x000000008c000000, 0x000000008c000000|100%| O|  |TAMS 0x000000008bf00000, 0x000000008bf00000| Untracked 
| 192|0x000000008c000000, 0x000000008c100000, 0x000000008c100000|100%| O|  |TAMS 0x000000008c000000, 0x000000008c000000| Untracked 
| 193|0x000000008c100000, 0x000000008c200000, 0x000000008c200000|100%| O|  |TAMS 0x000000008c100000, 0x000000008c100000| Untracked 
| 194|0x000000008c200000, 0x000000008c300000, 0x000000008c300000|100%| O|  |TAMS 0x000000008c200000, 0x000000008c200000| Untracked 
| 195|0x000000008c300000, 0x000000008c400000, 0x000000008c400000|100%| O|  |TAMS 0x000000008c300000, 0x000000008c300000| Untracked 
| 196|0x000000008c400000, 0x000000008c500000, 0x000000008c500000|100%| O|  |TAMS 0x000000008c400000, 0x000000008c400000| Untracked 
| 197|0x000000008c500000, 0x000000008c600000, 0x000000008c600000|100%| O|  |TAMS 0x000000008c500000, 0x000000008c500000| Untracked 
| 198|0x000000008c600000, 0x000000008c700000, 0x000000008c700000|100%| O|  |TAMS 0x000000008c600000, 0x000000008c600000| Untracked 
| 199|0x000000008c700000, 0x000000008c700000, 0x000000008c800000|  0%| F|  |TAMS 0x000000008c700000, 0x000000008c700000| Untracked 
| 200|0x000000008c800000, 0x000000008c800000, 0x000000008c900000|  0%| F|  |TAMS 0x000000008c800000, 0x000000008c800000| Untracked 
| 201|0x000000008c900000, 0x000000008c900000, 0x000000008ca00000|  0%| F|  |TAMS 0x000000008c900000, 0x000000008c900000| Untracked 
| 202|0x000000008ca00000, 0x000000008ca00000, 0x000000008cb00000|  0%| F|  |TAMS 0x000000008ca00000, 0x000000008ca00000| Untracked 
| 203|0x000000008cb00000, 0x000000008cb00000, 0x000000008cc00000|  0%| F|  |TAMS 0x000000008cb00000, 0x000000008cb00000| Untracked 
| 204|0x000000008cc00000, 0x000000008cc00000, 0x000000008cd00000|  0%| F|  |TAMS 0x000000008cc00000, 0x000000008cc00000| Untracked 
| 205|0x000000008cd00000, 0x000000008cd00000, 0x000000008ce00000|  0%| F|  |TAMS 0x000000008cd00000, 0x000000008cd00000| Untracked 
| 206|0x000000008ce00000, 0x000000008ce00000, 0x000000008cf00000|  0%| F|  |TAMS 0x000000008ce00000, 0x000000008ce00000| Untracked 
| 207|0x000000008cf00000, 0x000000008cf00000, 0x000000008d000000|  0%| F|  |TAMS 0x000000008cf00000, 0x000000008cf00000| Untracked 
| 208|0x000000008d000000, 0x000000008d000000, 0x000000008d100000|  0%| F|  |TAMS 0x000000008d000000, 0x000000008d000000| Untracked 
| 209|0x000000008d100000, 0x000000008d100000, 0x000000008d200000|  0%| F|  |TAMS 0x000000008d100000, 0x000000008d100000| Untracked 
| 210|0x000000008d200000, 0x000000008d200000, 0x000000008d300000|  0%| F|  |TAMS 0x000000008d200000, 0x000000008d200000| Untracked 
| 211|0x000000008d300000, 0x000000008d300000, 0x000000008d400000|  0%| F|  |TAMS 0x000000008d300000, 0x000000008d300000| Untracked 
| 212|0x000000008d400000, 0x000000008d400000, 0x000000008d500000|  0%| F|  |TAMS 0x000000008d400000, 0x000000008d400000| Untracked 
| 213|0x000000008d500000, 0x000000008d500000, 0x000000008d600000|  0%| F|  |TAMS 0x000000008d500000, 0x000000008d500000| Untracked 
| 214|0x000000008d600000, 0x000000008d600000, 0x000000008d700000|  0%| F|  |TAMS 0x000000008d600000, 0x000000008d600000| Untracked 
| 215|0x000000008d700000, 0x000000008d700000, 0x000000008d800000|  0%| F|  |TAMS 0x000000008d700000, 0x000000008d700000| Untracked 
| 216|0x000000008d800000, 0x000000008d800000, 0x000000008d900000|  0%| F|  |TAMS 0x000000008d800000, 0x000000008d800000| Untracked 
| 217|0x000000008d900000, 0x000000008d900000, 0x000000008da00000|  0%| F|  |TAMS 0x000000008d900000, 0x000000008d900000| Untracked 
| 218|0x000000008da00000, 0x000000008da00000, 0x000000008db00000|  0%| F|  |TAMS 0x000000008da00000, 0x000000008da00000| Untracked 
| 219|0x000000008db00000, 0x000000008db00000, 0x000000008dc00000|  0%| F|  |TAMS 0x000000008db00000, 0x000000008db00000| Untracked 
| 220|0x000000008dc00000, 0x000000008dc00000, 0x000000008dd00000|  0%| F|  |TAMS 0x000000008dc00000, 0x000000008dc00000| Untracked 
| 221|0x000000008dd00000, 0x000000008dd00000, 0x000000008de00000|  0%| F|  |TAMS 0x000000008dd00000, 0x000000008dd00000| Untracked 
| 222|0x000000008de00000, 0x000000008de00000, 0x000000008df00000|  0%| F|  |TAMS 0x000000008de00000, 0x000000008de00000| Untracked 
| 223|0x000000008df00000, 0x000000008df00000, 0x000000008e000000|  0%| F|  |TAMS 0x000000008df00000, 0x000000008df00000| Untracked 
| 224|0x000000008e000000, 0x000000008e000000, 0x000000008e100000|  0%| F|  |TAMS 0x000000008e000000, 0x000000008e000000| Untracked 
| 225|0x000000008e100000, 0x000000008e100000, 0x000000008e200000|  0%| F|  |TAMS 0x000000008e100000, 0x000000008e100000| Untracked 
| 226|0x000000008e200000, 0x000000008e200000, 0x000000008e300000|  0%| F|  |TAMS 0x000000008e200000, 0x000000008e200000| Untracked 
| 227|0x000000008e300000, 0x000000008e300000, 0x000000008e400000|  0%| F|  |TAMS 0x000000008e300000, 0x000000008e300000| Untracked 
| 228|0x000000008e400000, 0x000000008e400000, 0x000000008e500000|  0%| F|  |TAMS 0x000000008e400000, 0x000000008e400000| Untracked 
| 229|0x000000008e500000, 0x000000008e500000, 0x000000008e600000|  0%| F|  |TAMS 0x000000008e500000, 0x000000008e500000| Untracked 
| 230|0x000000008e600000, 0x000000008e600000, 0x000000008e700000|  0%| F|  |TAMS 0x000000008e600000, 0x000000008e600000| Untracked 
| 231|0x000000008e700000, 0x000000008e700000, 0x000000008e800000|  0%| F|  |TAMS 0x000000008e700000, 0x000000008e700000| Untracked 
| 232|0x000000008e800000, 0x000000008e800000, 0x000000008e900000|  0%| F|  |TAMS 0x000000008e800000, 0x000000008e800000| Untracked 
| 233|0x000000008e900000, 0x000000008e900000, 0x000000008ea00000|  0%| F|  |TAMS 0x000000008e900000, 0x000000008e900000| Untracked 
| 234|0x000000008ea00000, 0x000000008ea00000, 0x000000008eb00000|  0%| F|  |TAMS 0x000000008ea00000, 0x000000008ea00000| Untracked 
| 235|0x000000008eb00000, 0x000000008eb00000, 0x000000008ec00000|  0%| F|  |TAMS 0x000000008eb00000, 0x000000008eb00000| Untracked 
| 236|0x000000008ec00000, 0x000000008ec00000, 0x000000008ed00000|  0%| F|  |TAMS 0x000000008ec00000, 0x000000008ec00000| Untracked 
| 237|0x000000008ed00000, 0x000000008ed00000, 0x000000008ee00000|  0%| F|  |TAMS 0x000000008ed00000, 0x000000008ed00000| Untracked 
| 238|0x000000008ee00000, 0x000000008ee00000, 0x000000008ef00000|  0%| F|  |TAMS 0x000000008ee00000, 0x000000008ee00000| Untracked 
| 239|0x000000008ef00000, 0x000000008ef00000, 0x000000008f000000|  0%| F|  |TAMS 0x000000008ef00000, 0x000000008ef00000| Untracked 
| 240|0x000000008f000000, 0x000000008f000000, 0x000000008f100000|  0%| F|  |TAMS 0x000000008f000000, 0x000000008f000000| Untracked 
| 241|0x000000008f100000, 0x000000008f100000, 0x000000008f200000|  0%| F|  |TAMS 0x000000008f100000, 0x000000008f100000| Untracked 
| 242|0x000000008f200000, 0x000000008f200000, 0x000000008f300000|  0%| F|  |TAMS 0x000000008f200000, 0x000000008f200000| Untracked 
| 243|0x000000008f300000, 0x000000008f400000, 0x000000008f400000|100%| S|CS|TAMS 0x000000008f300000, 0x000000008f300000| Complete 
| 244|0x000000008f400000, 0x000000008f500000, 0x000000008f500000|100%| S|CS|TAMS 0x000000008f400000, 0x000000008f400000| Complete 
| 245|0x000000008f500000, 0x000000008f500000, 0x000000008f600000|  0%| F|  |TAMS 0x000000008f500000, 0x000000008f500000| Untracked 
| 246|0x000000008f600000, 0x000000008f600000, 0x000000008f700000|  0%| F|  |TAMS 0x000000008f600000, 0x000000008f600000| Untracked 
| 247|0x000000008f700000, 0x000000008f700000, 0x000000008f800000|  0%| F|  |TAMS 0x000000008f700000, 0x000000008f700000| Untracked 
| 248|0x000000008f800000, 0x000000008f800000, 0x000000008f900000|  0%| F|  |TAMS 0x000000008f800000, 0x000000008f800000| Untracked 
| 249|0x000000008f900000, 0x000000008f900000, 0x000000008fa00000|  0%| F|  |TAMS 0x000000008f900000, 0x000000008f900000| Untracked 
| 250|0x000000008fa00000, 0x000000008fa00000, 0x000000008fb00000|  0%| F|  |TAMS 0x000000008fa00000, 0x000000008fa00000| Untracked 
| 251|0x000000008fb00000, 0x000000008fb00000, 0x000000008fc00000|  0%| F|  |TAMS 0x000000008fb00000, 0x000000008fb00000| Untracked 

Card table byte_map: [0x0000024c413d0000,0x0000024c417d0000] _byte_map_base: 0x0000024c40fd0000

Marking Bits (Prev, Next): (CMBitMap*) 0x0000024c2e1ef7b0, (CMBitMap*) 0x0000024c2e1ef778
 Prev Bits: [0x0000024c43bd0000, 0x0000024c45bd0000)
 Next Bits: [0x0000024c41bd0000, 0x0000024c43bd0000)

Polling page: 0x0000024c2c130000

Metaspace:

Usage:
  Non-class:    109.66 MB capacity,   107.22 MB ( 98%) used,     2.00 MB (  2%) free+waste,   442.13 KB ( <1%) overhead. 
      Class:     16.92 MB capacity,    15.49 MB ( 92%) used,     1.24 MB (  7%) free+waste,   198.94 KB (  1%) overhead. 
       Both:    126.58 MB capacity,   122.71 MB ( 97%) used,     3.24 MB (  3%) free+waste,   641.06 KB ( <1%) overhead. 

Virtual space:
  Non-class space:      112.00 MB reserved,     110.25 MB ( 98%) committed 
      Class space:        1.00 GB reserved,      17.20 MB (  2%) committed 
             Both:        1.11 GB reserved,     127.45 MB ( 11%) committed 

Chunk freelists:
   Non-Class:  481.00 KB
       Class:  272.00 KB
        Both:  753.00 KB

MaxMetaspaceSize: 17179869184.00 GB
CompressedClassSpaceSize: 1.00 GB

CodeHeap 'non-profiled nmethods': size=120000Kb used=13328Kb max_used=13328Kb free=106672Kb
 bounds [0x0000024c39770000, 0x0000024c3a480000, 0x0000024c40ca0000]
CodeHeap 'profiled nmethods': size=120000Kb used=46495Kb max_used=46495Kb free=73504Kb
 bounds [0x0000024c32240000, 0x0000024c34fd0000, 0x0000024c39770000]
CodeHeap 'non-nmethods': size=5760Kb used=2360Kb max_used=2418Kb free=3399Kb
 bounds [0x0000024c31ca0000, 0x0000024c31f20000, 0x0000024c32240000]
 total_blobs=21651 nmethods=20667 adapters=892
 compilation: enabled
              stopped_count=0, restarted_count=0
 full_count=0

Compilation events (20 events):
Event: 1033.604 Thread 0x0000024c48ef4000 nmethod 22937 0x0000024c34fbc690 code [0x0000024c34fbc840, 0x0000024c34fbca38]
Event: 1033.605 Thread 0x0000024c48ef4000 22938       2       com.android.tools.r8.internal.hr$$Lambda$1566/0x0000000100ffa440::<init> (15 bytes)
Event: 1033.605 Thread 0x0000024c48ef4000 nmethod 22938 0x0000024c34fbcb10 code [0x0000024c34fbccc0, 0x0000024c34fbce58]
Event: 1033.607 Thread 0x0000024c48ef4000 22939       2       com.android.tools.r8.internal.X4::a (18 bytes)
Event: 1033.608 Thread 0x0000024c48ef4000 nmethod 22939 0x0000024c34fbcf10 code [0x0000024c34fbd0e0, 0x0000024c34fbd258]
Event: 1033.609 Thread 0x0000024c48ef4000 22940       2       com.android.tools.r8.ProgramResource$ByteResource::<init> (46 bytes)
Event: 1033.609 Thread 0x0000024c48ef4000 nmethod 22940 0x0000024c34fbd390 code [0x0000024c34fbd540, 0x0000024c34fbd7b8]
Event: 1033.609 Thread 0x0000024c48ef4000 22941       2       com.android.tools.r8.internal.Fa::d (27 bytes)
Event: 1033.609 Thread 0x0000024c48ef4000 nmethod 22941 0x0000024c34fbd890 code [0x0000024c34fbda40, 0x0000024c34fbdbb8]
Event: 1033.611 Thread 0x0000024c48ef4000 22943       2       com.android.tools.r8.internal.af::<init> (11 bytes)
Event: 1033.612 Thread 0x0000024c48ef4000 nmethod 22943 0x0000024c34fbdd10 code [0x0000024c34fbdec0, 0x0000024c34fbe048]
Event: 1033.612 Thread 0x0000024c48ef4000 22944       2       com.android.tools.r8.internal.zz::b (1748 bytes)
Event: 1033.623 Thread 0x0000024c48ee1000 nmethod 22756 0x0000024c3a471310 code [0x0000024c3a4714e0, 0x0000024c3a473e78]
Event: 1033.623 Thread 0x0000024c48ee1000 22934       4       com.android.tools.r8.internal.t4::<init> (5 bytes)
Event: 1033.624 Thread 0x0000024c48ee1000 nmethod 22934 0x0000024c3a474310 code [0x0000024c3a4744a0, 0x0000024c3a4744f8]
Event: 1033.624 Thread 0x0000024c48ee1000 22830       4       java.util.IdentityHashMap$IdentityHashMapIterator::<init> (63 bytes)
Event: 1033.629 Thread 0x0000024c48ef4000 nmethod 22944 0x0000024c34fbe110 code [0x0000024c34fbeb00, 0x0000024c34fc2d98]
Event: 1033.630 Thread 0x0000024c48ef4000 22950       2       com.android.tools.r8.internal.XC::b (682 bytes)
Event: 1033.631 Thread 0x0000024c48ee1000 nmethod 22830 0x0000024c3a474590 code [0x0000024c3a474720, 0x0000024c3a474978]
Event: 1033.631 Thread 0x0000024c48ee1000 22962       4       java.util.TimSort::binarySort (223 bytes)

GC Heap History (20 events):
Event: 1028.765 GC heap after
{Heap after GC invocations=46 (full 0):
 garbage-first heap   total 258048K, used 150690K [0x0000000080000000, 0x0000000100000000)
  region size 1024K, 9 young (9216K), 9 survivors (9216K)
 Metaspace       used 116350K, capacity 119892K, committed 120140K, reserved 1153024K
  class space    used 14577K, capacity 15843K, committed 15948K, reserved 1048576K
}
Event: 1028.813 GC heap before
{Heap before GC invocations=46 (full 0):
 garbage-first heap   total 258048K, used 153762K [0x0000000080000000, 0x0000000100000000)
  region size 1024K, 12 young (12288K), 9 survivors (9216K)
 Metaspace       used 116447K, capacity 120054K, committed 120140K, reserved 1153024K
  class space    used 14590K, capacity 15876K, committed 15948K, reserved 1048576K
}
Event: 1028.830 GC heap after
{Heap after GC invocations=47 (full 0):
 garbage-first heap   total 258048K, used 145622K [0x0000000080000000, 0x0000000100000000)
  region size 1024K, 2 young (2048K), 2 survivors (2048K)
 Metaspace       used 116447K, capacity 120054K, committed 120140K, reserved 1153024K
  class space    used 14590K, capacity 15876K, committed 15948K, reserved 1048576K
}
Event: 1029.559 GC heap before
{Heap before GC invocations=47 (full 0):
 garbage-first heap   total 258048K, used 210134K [0x0000000080000000, 0x0000000100000000)
  region size 1024K, 66 young (67584K), 2 survivors (2048K)
 Metaspace       used 118353K, capacity 122023K, committed 122188K, reserved 1155072K
  class space    used 14864K, capacity 16179K, committed 16204K, reserved 1048576K
}
Event: 1029.602 GC heap after
{Heap after GC invocations=48 (full 0):
 garbage-first heap   total 258048K, used 161564K [0x0000000080000000, 0x0000000100000000)
  region size 1024K, 9 young (9216K), 9 survivors (9216K)
 Metaspace       used 118353K, capacity 122023K, committed 122188K, reserved 1155072K
  class space    used 14864K, capacity 16179K, committed 16204K, reserved 1048576K
}
Event: 1030.692 GC heap before
{Heap before GC invocations=49 (full 0):
 garbage-first heap   total 258048K, used 208668K [0x0000000080000000, 0x0000000100000000)
  region size 1024K, 56 young (57344K), 9 survivors (9216K)
 Metaspace       used 123628K, capacity 127679K, committed 127948K, reserved 1159168K
  class space    used 15753K, capacity 17260K, committed 17356K, reserved 1048576K
}
Event: 1030.724 GC heap after
{Heap after GC invocations=50 (full 0):
 garbage-first heap   total 258048K, used 166750K [0x0000000080000000, 0x0000000100000000)
  region size 1024K, 5 young (5120K), 5 survivors (5120K)
 Metaspace       used 123628K, capacity 127679K, committed 127948K, reserved 1159168K
  class space    used 15753K, capacity 17260K, committed 17356K, reserved 1048576K
}
Event: 1031.300 GC heap before
{Heap before GC invocations=50 (full 0):
 garbage-first heap   total 258048K, used 210782K [0x0000000080000000, 0x0000000100000000)
  region size 1024K, 49 young (50176K), 5 survivors (5120K)
 Metaspace       used 125453K, capacity 129690K, committed 129996K, reserved 1161216K
  class space    used 15999K, capacity 17560K, committed 17612K, reserved 1048576K
}
Event: 1031.319 GC heap after
{Heap after GC invocations=51 (full 0):
 garbage-first heap   total 258048K, used 169711K [0x0000000080000000, 0x0000000100000000)
  region size 1024K, 4 young (4096K), 4 survivors (4096K)
 Metaspace       used 125453K, capacity 129690K, committed 129996K, reserved 1161216K
  class space    used 15999K, capacity 17560K, committed 17612K, reserved 1048576K
}
Event: 1032.013 GC heap before
{Heap before GC invocations=52 (full 0):
 garbage-first heap   total 258048K, used 213743K [0x0000000080000000, 0x0000000100000000)
  region size 1024K, 48 young (49152K), 4 survivors (4096K)
 Metaspace       used 125588K, capacity 129735K, committed 129996K, reserved 1161216K
  class space    used 15964K, capacity 17495K, committed 17612K, reserved 1048576K
}
Event: 1032.033 GC heap after
{Heap after GC invocations=53 (full 0):
 garbage-first heap   total 258048K, used 177030K [0x0000000080000000, 0x0000000100000000)
  region size 1024K, 6 young (6144K), 6 survivors (6144K)
 Metaspace       used 125588K, capacity 129735K, committed 129996K, reserved 1161216K
  class space    used 15964K, capacity 17495K, committed 17612K, reserved 1048576K
}
Event: 1032.067 GC heap before
{Heap before GC invocations=53 (full 0):
 garbage-first heap   total 258048K, used 183174K [0x0000000080000000, 0x0000000100000000)
  region size 1024K, 12 young (12288K), 6 survivors (6144K)
 Metaspace       used 125644K, capacity 129799K, committed 130252K, reserved 1161216K
  class space    used 15964K, capacity 17495K, committed 17612K, reserved 1048576K
}
Event: 1032.103 GC heap after
{Heap after GC invocations=54 (full 0):
 garbage-first heap   total 258048K, used 173533K [0x0000000080000000, 0x0000000100000000)
  region size 1024K, 2 young (2048K), 2 survivors (2048K)
 Metaspace       used 125644K, capacity 129799K, committed 130252K, reserved 1161216K
  class space    used 15964K, capacity 17495K, committed 17612K, reserved 1048576K
}
Event: 1032.284 GC heap before
{Heap before GC invocations=54 (full 0):
 garbage-first heap   total 258048K, used 213469K [0x0000000080000000, 0x0000000100000000)
  region size 1024K, 42 young (43008K), 2 survivors (2048K)
 Metaspace       used 125703K, capacity 129864K, committed 130252K, reserved 1161216K
  class space    used 15971K, capacity 17495K, committed 17612K, reserved 1048576K
}
Event: 1032.318 GC heap after
{Heap after GC invocations=55 (full 0):
 garbage-first heap   total 258048K, used 181158K [0x0000000080000000, 0x0000000100000000)
  region size 1024K, 6 young (6144K), 6 survivors (6144K)
 Metaspace       used 125703K, capacity 129864K, committed 130252K, reserved 1161216K
  class space    used 15971K, capacity 17495K, committed 17612K, reserved 1048576K
}
Event: 1033.051 GC heap before
{Heap before GC invocations=55 (full 0):
 garbage-first heap   total 258048K, used 215974K [0x0000000080000000, 0x0000000100000000)
  region size 1024K, 40 young (40960K), 6 survivors (6144K)
 Metaspace       used 125442K, capacity 129395K, committed 130252K, reserved 1161216K
  class space    used 15856K, capacity 17322K, committed 17612K, reserved 1048576K
}
Event: 1033.094 GC heap after
{Heap after GC invocations=56 (full 0):
 garbage-first heap   total 258048K, used 186947K [0x0000000080000000, 0x0000000100000000)
  region size 1024K, 5 young (5120K), 5 survivors (5120K)
 Metaspace       used 125442K, capacity 129395K, committed 130252K, reserved 1161216K
  class space    used 15856K, capacity 17322K, committed 17612K, reserved 1048576K
}
Event: 1033.562 GC heap before
{Heap before GC invocations=57 (full 0):
 garbage-first heap   total 258048K, used 216643K [0x0000000080000000, 0x0000000100000000)
  region size 1024K, 34 young (34816K), 5 survivors (5120K)
 Metaspace       used 125629K, capacity 129615K, committed 130508K, reserved 1163264K
  class space    used 15862K, capacity 17328K, committed 17612K, reserved 1048576K
}
Event: 1033.583 GC heap after
{Heap after GC invocations=58 (full 0):
 garbage-first heap   total 258048K, used 191911K [0x0000000080000000, 0x0000000100000000)
  region size 1024K, 5 young (5120K), 5 survivors (5120K)
 Metaspace       used 125629K, capacity 129615K, committed 130508K, reserved 1163264K
  class space    used 15862K, capacity 17328K, committed 17612K, reserved 1048576K
}
Event: 1033.636 GC heap before
{Heap before GC invocations=58 (full 0):
 garbage-first heap   total 258048K, used 198055K [0x0000000080000000, 0x0000000100000000)
  region size 1024K, 12 young (12288K), 5 survivors (5120K)
 Metaspace       used 125657K, capacity 129615K, committed 130508K, reserved 1163264K
  class space    used 15862K, capacity 17328K, committed 17612K, reserved 1048576K
}

Deoptimization events (20 events):
Event: 1032.477 Thread 0x0000024c52794000 Uncommon trap: trap_request=0xffffffd6 fr.pc=0x0000024c3a42097c relative=0x0000000000002bdc
Event: 1032.477 Thread 0x0000024c52794000 Uncommon trap: reason=array_check action=maybe_recompile pc=0x0000024c3a42097c method=java.util.TimSort.reverseRange([Ljava/lang/Object;II)V @ 27 c2
Event: 1032.477 Thread 0x0000024c52794000 DEOPT PACKING pc=0x0000024c3a42097c sp=0x0000004fc46fb480
Event: 1032.477 Thread 0x0000024c52794000 DEOPT UNPACKING pc=0x0000024c31cc78af sp=0x0000004fc46fb368 mode 2
Event: 1032.503 Thread 0x0000024c52794000 Uncommon trap: trap_request=0xffffff4d fr.pc=0x0000024c3a0b1168 relative=0x0000000000000928
Event: 1032.503 Thread 0x0000024c52794000 Uncommon trap: reason=unstable_if action=reinterpret pc=0x0000024c3a0b1168 method=sun.security.provider.SHA.implDigest([BI)V @ 21 c2
Event: 1032.503 Thread 0x0000024c52794000 DEOPT PACKING pc=0x0000024c3a0b1168 sp=0x0000004fc46fac90
Event: 1032.503 Thread 0x0000024c52794000 DEOPT UNPACKING pc=0x0000024c31cc78af sp=0x0000004fc46fac40 mode 2
Event: 1032.527 Thread 0x0000024c4bbd1800 DEOPT PACKING pc=0x0000024c34c01c7e sp=0x0000004fc42f9c00
Event: 1032.528 Thread 0x0000024c4bbd1800 DEOPT UNPACKING pc=0x0000024c31cc76ce sp=0x0000004fc42f9180 mode 0
Event: 1033.248 Thread 0x0000024c52798800 Uncommon trap: trap_request=0xffffff4d fr.pc=0x0000024c3985da18 relative=0x00000000000019b8
Event: 1033.248 Thread 0x0000024c52798800 Uncommon trap: reason=unstable_if action=reinterpret pc=0x0000024c3985da18 method=java.util.concurrent.ConcurrentHashMap.computeIfAbsent(Ljava/lang/Object;Ljava/util/function/Function;)Ljava/lang/Object; @ 539 c2
Event: 1033.248 Thread 0x0000024c52798800 DEOPT PACKING pc=0x0000024c3985da18 sp=0x0000004fc43fa2c0
Event: 1033.248 Thread 0x0000024c52798800 DEOPT UNPACKING pc=0x0000024c31cc78af sp=0x0000004fc43fa250 mode 2
Event: 1033.610 Thread 0x0000024c52798800 Uncommon trap: trap_request=0xffffff4d fr.pc=0x0000024c3a46836c relative=0x00000000000002cc
Event: 1033.610 Thread 0x0000024c52798800 Uncommon trap: reason=unstable_if action=reinterpret pc=0x0000024c3a46836c method=com.android.tools.r8.internal.XC.b(Lcom/android/tools/r8/internal/Gg;)V @ 150 c2
Event: 1033.610 Thread 0x0000024c52798800 DEOPT PACKING pc=0x0000024c3a46836c sp=0x0000004fc43fa530
Event: 1033.610 Thread 0x0000024c52798800 DEOPT UNPACKING pc=0x0000024c31cc78af sp=0x0000004fc43fa520 mode 2
Event: 1033.627 Thread 0x0000024c52798000 DEOPT PACKING pc=0x0000024c3303282f sp=0x0000004fc44f9ec0
Event: 1033.627 Thread 0x0000024c52798000 DEOPT UNPACKING pc=0x0000024c31cc76ce sp=0x0000004fc44f9360 mode 0

Classes redefined (0 events):
No events

Internal exceptions (20 events):
Event: 1030.912 Thread 0x0000024c52798800 Exception <a 'java/lang/IncompatibleClassChangeError'{0x000000008ec36cd8}: Found class java.lang.Object, but interface was expected> (0x000000008ec36cd8) thrown at [./src/hotspot/share/interpreter/linkResolver.cpp, line 839]
Event: 1030.912 Thread 0x0000024c52799800 Exception <a 'java/lang/IncompatibleClassChangeError'{0x000000008ec26990}: Found class java.lang.Object, but interface was expected> (0x000000008ec26990) thrown at [./src/hotspot/share/interpreter/linkResolver.cpp, line 839]
Event: 1031.031 Thread 0x0000024c52799800 Exception <a 'java/lang/NoSuchMethodError'{0x000000008e55b090}: 'void java.lang.invoke.DirectMethodHandle$Holder.invokeVirtual(java.lang.Object, java.lang.Object, int)'> (0x000000008e55b090) thrown at [./src/hotspot/share/interpreter/linkResolver.cpp, line 773]
Event: 1031.091 Thread 0x0000024c4bbd1800 Exception <a 'sun/nio/fs/WindowsException'{0x000000008e3b2d80}> (0x000000008e3b2d80) thrown at [./src/hotspot/share/prims/jni.cpp, line 615]
Event: 1031.091 Thread 0x0000024c52799800 Exception <a 'sun/nio/fs/WindowsException'{0x000000008e3dabd8}> (0x000000008e3dabd8) thrown at [./src/hotspot/share/prims/jni.cpp, line 615]
Event: 1031.091 Thread 0x0000024c52794000 Exception <a 'sun/nio/fs/WindowsException'{0x000000008e386448}> (0x000000008e386448) thrown at [./src/hotspot/share/prims/jni.cpp, line 615]
Event: 1031.142 Thread 0x0000024c52798800 Exception <a 'sun/nio/fs/WindowsException'{0x000000008e337b30}> (0x000000008e337b30) thrown at [./src/hotspot/share/prims/jni.cpp, line 615]
Event: 1031.177 Thread 0x0000024c52798000 Exception <a 'sun/nio/fs/WindowsException'{0x000000008e4689c0}> (0x000000008e4689c0) thrown at [./src/hotspot/share/prims/jni.cpp, line 615]
Event: 1031.381 Thread 0x0000024c52798000 Exception <a 'sun/nio/fs/WindowsException'{0x000000008f179af8}> (0x000000008f179af8) thrown at [./src/hotspot/share/prims/jni.cpp, line 615]
Event: 1031.394 Thread 0x0000024c52794000 Exception <a 'sun/nio/fs/WindowsException'{0x000000008ef8fc90}> (0x000000008ef8fc90) thrown at [./src/hotspot/share/prims/jni.cpp, line 615]
Event: 1031.459 Thread 0x0000024c4bbd1800 Exception <a 'sun/nio/fs/WindowsException'{0x000000008edf4188}> (0x000000008edf4188) thrown at [./src/hotspot/share/prims/jni.cpp, line 615]
Event: 1031.809 Thread 0x0000024c4bbd0800 Exception <a 'sun/nio/fs/WindowsException'{0x000000008ddf7430}> (0x000000008ddf7430) thrown at [./src/hotspot/share/prims/jni.cpp, line 615]
Event: 1031.887 Thread 0x0000024c4bbd1800 Exception <a 'sun/nio/fs/WindowsException'{0x000000008dae7730}> (0x000000008dae7730) thrown at [./src/hotspot/share/prims/jni.cpp, line 615]
Event: 1031.895 Thread 0x0000024c4bbd1800 Implicit null exception at 0x0000024c3997979b to 0x0000024c39979f5c
Event: 1032.138 Thread 0x0000024c4bbd0800 Exception <a 'sun/nio/fs/WindowsException'{0x000000008f238558}> (0x000000008f238558) thrown at [./src/hotspot/share/prims/jni.cpp, line 615]
Event: 1032.270 Thread 0x0000024c52798800 Exception <a 'sun/nio/fs/WindowsException'{0x000000008d41ec68}> (0x000000008d41ec68) thrown at [./src/hotspot/share/prims/jni.cpp, line 615]
Event: 1032.329 Thread 0x0000024c4bbd1800 Exception <a 'sun/nio/fs/WindowsException'{0x000000008fb5f8c0}> (0x000000008fb5f8c0) thrown at [./src/hotspot/share/prims/jni.cpp, line 615]
Event: 1032.504 Thread 0x0000024c52794000 Exception <a 'sun/nio/fs/WindowsException'{0x000000008e9747c8}> (0x000000008e9747c8) thrown at [./src/hotspot/share/prims/jni.cpp, line 615]
Event: 1033.554 Thread 0x0000024c4bbd0800 Exception <a 'sun/nio/fs/WindowsException'{0x000000008e18cf30}> (0x000000008e18cf30) thrown at [./src/hotspot/share/prims/jni.cpp, line 615]
Event: 1033.605 Thread 0x0000024c52794000 Exception <a 'sun/nio/fs/WindowsException'{0x000000008fa322b0}> (0x000000008fa322b0) thrown at [./src/hotspot/share/prims/jni.cpp, line 615]

Events (20 events):
Event: 1033.441 loading class com/android/tools/r8/internal/FE done
Event: 1033.442 loading class com/android/tools/r8/graph/G$j
Event: 1033.442 loading class com/android/tools/r8/graph/G$j done
Event: 1033.442 loading class com/android/tools/r8/graph/G$j
Event: 1033.442 loading class com/android/tools/r8/graph/G$j done
Event: 1033.442 loading class com/android/tools/r8/graph/G$j
Event: 1033.442 loading class com/android/tools/r8/graph/G$j done
Event: 1033.442 loading class com/android/tools/r8/graph/G$j
Event: 1033.442 loading class com/android/tools/r8/graph/G$j done
Event: 1033.443 loading class com/android/tools/r8/graph/G$j
Event: 1033.443 loading class com/android/tools/r8/graph/G$j done
Event: 1033.443 loading class com/android/tools/r8/graph/G$j
Event: 1033.443 loading class com/android/tools/r8/graph/G$j done
Event: 1033.443 loading class com/android/tools/r8/graph/G$j
Event: 1033.443 loading class com/android/tools/r8/graph/G$j done
Event: 1033.475 Executing VM operation: ICBufferFull
Event: 1033.535 Executing VM operation: ICBufferFull done
Event: 1033.561 Executing VM operation: G1CollectForAllocation
Event: 1033.583 Executing VM operation: G1CollectForAllocation done
Event: 1033.635 Executing VM operation: G1CollectForAllocation


Dynamic libraries:
0x00007ff619b60000 - 0x00007ff619b6a000 	C:\Program Files\Android\Android Studio\jre\bin\java.exe
0x00007ffb933b0000 - 0x00007ffb935a5000 	C:\Windows\SYSTEM32\ntdll.dll
0x00007ffb932b0000 - 0x00007ffb9336e000 	C:\Windows\System32\KERNEL32.DLL
0x00007ffb90d00000 - 0x00007ffb90fc9000 	C:\Windows\System32\KERNELBASE.dll
0x00007ffb91190000 - 0x00007ffb91290000 	C:\Windows\System32\ucrtbase.dll
0x00007ffb54450000 - 0x00007ffb54467000 	C:\Program Files\Android\Android Studio\jre\bin\VCRUNTIME140.dll
0x00007ffb57d30000 - 0x00007ffb57d49000 	C:\Program Files\Android\Android Studio\jre\bin\jli.dll
0x00007ffb92550000 - 0x00007ffb926f1000 	C:\Windows\System32\USER32.dll
0x00007ffb90ad0000 - 0x00007ffb90af2000 	C:\Windows\System32\win32u.dll
0x00007ffb7e4f0000 - 0x00007ffb7e78a000 	C:\Windows\WinSxS\amd64_microsoft.windows.common-controls_6595b64144ccf1df_6.0.19041.1110_none_60b5254171f9507e\COMCTL32.dll
0x00007ffb92700000 - 0x00007ffb9272b000 	C:\Windows\System32\GDI32.dll
0x00007ffb92f20000 - 0x00007ffb92fbe000 	C:\Windows\System32\msvcrt.dll
0x00007ffb91290000 - 0x00007ffb9139b000 	C:\Windows\System32\gdi32full.dll
0x00007ffb90b00000 - 0x00007ffb90b9d000 	C:\Windows\System32\msvcp_win.dll
0x00007ffb93280000 - 0x00007ffb932b0000 	C:\Windows\System32\IMM32.DLL
0x00007ffb47820000 - 0x00007ffb478bd000 	C:\Program Files\Android\Android Studio\jre\bin\msvcp140.dll
0x00007ffb12890000 - 0x00007ffb1335f000 	C:\Program Files\Android\Android Studio\jre\bin\server\jvm.dll
0x00007ffb92730000 - 0x00007ffb927dc000 	C:\Windows\System32\ADVAPI32.dll
0x00007ffb922a0000 - 0x00007ffb9233b000 	C:\Windows\System32\sechost.dll
0x00007ffb92c40000 - 0x00007ffb92d6a000 	C:\Windows\System32\RPCRT4.dll
0x00007ffb92eb0000 - 0x00007ffb92eb8000 	C:\Windows\System32\PSAPI.DLL
0x00007ffb79140000 - 0x00007ffb79149000 	C:\Windows\SYSTEM32\WSOCK32.dll
0x00007ffb92bd0000 - 0x00007ffb92c3b000 	C:\Windows\System32\WS2_32.dll
0x00007ffb7c860000 - 0x00007ffb7c887000 	C:\Windows\SYSTEM32\WINMM.dll
0x00007ffb7e7d0000 - 0x00007ffb7e7da000 	C:\Windows\SYSTEM32\VERSION.dll
0x00007ffb8f350000 - 0x00007ffb8f362000 	C:\Windows\SYSTEM32\kernel.appcore.dll
0x00007ffb656d0000 - 0x00007ffb656e1000 	C:\Program Files\Android\Android Studio\jre\bin\verify.dll
0x00007ffb8e740000 - 0x00007ffb8e924000 	C:\Windows\SYSTEM32\DBGHELP.DLL
0x00007ffb7dee0000 - 0x00007ffb7df0c000 	C:\Windows\SYSTEM32\dbgcore.DLL
0x00007ffb910d0000 - 0x00007ffb91153000 	C:\Windows\System32\bcryptPrimitives.dll
0x00007ffb65530000 - 0x00007ffb65559000 	C:\Program Files\Android\Android Studio\jre\bin\java.dll
0x00007ffb7d8a0000 - 0x00007ffb7d8ab000 	C:\Program Files\Android\Android Studio\jre\bin\jimage.dll
0x00007ffb656b0000 - 0x00007ffb656c8000 	C:\Program Files\Android\Android Studio\jre\bin\zip.dll
0x00007ffb91510000 - 0x00007ffb91c4f000 	C:\Windows\System32\SHELL32.dll
0x00007ffb8ebb0000 - 0x00007ffb8f340000 	C:\Windows\SYSTEM32\windows.storage.dll
0x00007ffb927e0000 - 0x00007ffb92b35000 	C:\Windows\System32\combase.dll
0x00007ffb90520000 - 0x00007ffb9054c000 	C:\Windows\SYSTEM32\Wldp.dll
0x00007ffb91c50000 - 0x00007ffb91cfd000 	C:\Windows\System32\SHCORE.dll
0x00007ffb93220000 - 0x00007ffb93275000 	C:\Windows\System32\shlwapi.dll
0x00007ffb90a10000 - 0x00007ffb90a2f000 	C:\Windows\SYSTEM32\profapi.dll
0x00007ffb653e0000 - 0x00007ffb653fa000 	C:\Program Files\Android\Android Studio\jre\bin\net.dll
0x00007ffb87e30000 - 0x00007ffb87f38000 	C:\Windows\SYSTEM32\WINHTTP.dll
0x00007ffb90280000 - 0x00007ffb902ea000 	C:\Windows\system32\mswsock.dll
0x00007ffb653c0000 - 0x00007ffb653d4000 	C:\Program Files\Android\Android Studio\jre\bin\nio.dll
0x00007ffb528f0000 - 0x00007ffb52917000 	C:\Users\coryg\.gradle\native\8bec1ad78214c89d9ad589b4d07fe93259594b29d510b10fafb7a158f7737e5d\windows-amd64\native-platform.dll
0x00007ffb43550000 - 0x00007ffb4368d000 	C:\Users\coryg\.gradle\native\53dbd7edfb1c66fb8903c78663c9afc45aea4f116125fa6feffd364cf09443e8\windows-amd64\native-platform-file-events.dll
0x00007ffb695f0000 - 0x00007ffb695fa000 	C:\Program Files\Android\Android Studio\jre\bin\management.dll
0x00007ffb69560000 - 0x00007ffb6956c000 	C:\Program Files\Android\Android Studio\jre\bin\management_ext.dll
0x00007ffb90470000 - 0x00007ffb90488000 	C:\Windows\SYSTEM32\CRYPTSP.dll
0x00007ffb8fb90000 - 0x00007ffb8fbc4000 	C:\Windows\system32\rsaenh.dll
0x00007ffb91160000 - 0x00007ffb91187000 	C:\Windows\System32\bcrypt.dll
0x00007ffb90990000 - 0x00007ffb909be000 	C:\Windows\SYSTEM32\USERENV.dll
0x00007ffb90490000 - 0x00007ffb9049c000 	C:\Windows\SYSTEM32\CRYPTBASE.dll
0x00007ffb8ff20000 - 0x00007ffb8ff5b000 	C:\Windows\SYSTEM32\IPHLPAPI.DLL
0x00007ffb92ea0000 - 0x00007ffb92ea8000 	C:\Windows\System32\NSI.dll
0x00007ffb84160000 - 0x00007ffb84177000 	C:\Windows\SYSTEM32\dhcpcsvc6.DLL
0x00007ffb84cb0000 - 0x00007ffb84ccd000 	C:\Windows\SYSTEM32\dhcpcsvc.DLL
0x00007ffb8ff70000 - 0x00007ffb9003c000 	C:\Windows\SYSTEM32\DNSAPI.dll
0x00007ffb8f7c0000 - 0x00007ffb8f7f3000 	C:\Windows\SYSTEM32\ntmarta.dll
0x00007ffb5f630000 - 0x00007ffb5f657000 	C:\Program Files\Android\Android Studio\jre\bin\sunec.dll

dbghelp: loaded successfully - version: 4.0.5 - missing functions: none
symbol engine: initialized successfully - sym options: 0x614 - pdb path: .;C:\Program Files\Android\Android Studio\jre\bin;C:\Windows\SYSTEM32;C:\Windows\WinSxS\amd64_microsoft.windows.common-controls_6595b64144ccf1df_6.0.19041.1110_none_60b5254171f9507e;C:\Program Files\Android\Android Studio\jre\bin\server;C:\Users\coryg\.gradle\native\8bec1ad78214c89d9ad589b4d07fe93259594b29d510b10fafb7a158f7737e5d\windows-amd64;C:\Users\coryg\.gradle\native\53dbd7edfb1c66fb8903c78663c9afc45aea4f116125fa6feffd364cf09443e8\windows-amd64

VM Arguments:
jvm_args: --add-opens=java.base/java.util=ALL-UNNAMED --add-opens=java.base/java.lang=ALL-UNNAMED --add-opens=java.base/java.lang.invoke=ALL-UNNAMED --add-opens=java.base/java.util=ALL-UNNAMED --add-opens=java.prefs/java.util.prefs=ALL-UNNAMED --add-opens=java.prefs/java.util.prefs=ALL-UNNAMED --add-opens=java.base/java.nio.charset=ALL-UNNAMED --add-opens=java.base/java.net=ALL-UNNAMED --add-opens=java.base/java.util.concurrent.atomic=ALL-UNNAMED -Xmx2048m -Dfile.encoding=UTF-8 -Duser.country=US -Duser.language=en -Duser.variant 
java_command: org.gradle.launcher.daemon.bootstrap.GradleDaemon 7.0.2
java_class_path (initial): C:\Users\coryg\.gradle\wrapper\dists\gradle-7.0.2-bin\857tjihv64xamwrf0h14cai3r\gradle-7.0.2\lib\gradle-launcher-7.0.2.jar
Launcher Type: SUN_STANDARD

[Global flags]
     intx CICompilerCount                          = 4                                         {product} {ergonomic}
     uint ConcGCThreads                            = 2                                         {product} {ergonomic}
     uint G1ConcRefinementThreads                  = 8                                         {product} {ergonomic}
   size_t G1HeapRegionSize                         = 1048576                                   {product} {ergonomic}
    uintx GCDrainStackTargetSize                   = 64                                        {product} {ergonomic}
   size_t InitialHeapSize                          = 264241152                                 {product} {ergonomic}
   size_t MarkStackSize                            = 4194304                                   {product} {ergonomic}
   size_t MaxHeapSize                              = 2147483648                                {product} {command line}
   size_t MaxNewSize                               = 1287651328                                {product} {ergonomic}
   size_t MinHeapDeltaBytes                        = 1048576                                   {product} {ergonomic}
    uintx NonNMethodCodeHeapSize                   = 5836300                                {pd product} {ergonomic}
    uintx NonProfiledCodeHeapSize                  = 122910970                              {pd product} {ergonomic}
    uintx ProfiledCodeHeapSize                     = 122910970                              {pd product} {ergonomic}
    uintx ReservedCodeCacheSize                    = 251658240                              {pd product} {ergonomic}
     bool SegmentedCodeCache                       = true                                      {product} {ergonomic}
     bool UseCompressedClassPointers               = true                                 {lp64_product} {ergonomic}
     bool UseCompressedOops                        = true                                 {lp64_product} {ergonomic}
     bool UseG1GC                                  = true                                      {product} {ergonomic}
     bool UseLargePagesIndividualAllocation        = false                                  {pd product} {ergonomic}

Logging:
Log output configuration:
 #0: stdout all=warning uptime,level,tags
 #1: stderr all=off uptime,level,tags

Environment Variables:
PATH=C:\Python39\Scripts\;C:\Python39\;C:\Program Files\Common Files\Oracle\Java\javapath;C:\Windows\system32;C:\Windows;C:\Windows\System32\Wbem;C:\Windows\System32\WindowsPowerShell\v1.0\;C:\Windows\System32\OpenSSH\;C:\Program Files\nodejs\;C:\ProgramData\chocolatey\bin;C:\Program Files\Git\cmd;C:\Program Files (x86)\Vim\vim82;C:\Program Files\MySQL\MySQL Shell 8.0\bin\;C:\Users\coryg\AppData\Local\Microsoft\WindowsApps;C:\Users\coryg\AppData\Local\Programs\Microsoft VS Code\bin;C:\Users\coryg\AppData\Roaming\npm;C:\MinGW\bin;
USERNAME=coryg
OS=Windows_NT
PROCESSOR_IDENTIFIER=Intel64 Family 6 Model 142 Stepping 12, GenuineIntel



---------------  S Y S T E M  ---------------

OS: Windows 10 , 64 bit Build 19041 (10.0.19041.1202)
OS uptime: 7 days 6:55 hours

CPU:total 8 (initial active 8) (4 cores per cpu, 2 threads per core) family 6 model 142 stepping 12 microcode 0xde, cmov, cx8, fxsr, mmx, sse, sse2, sse3, ssse3, sse4.1, sse4.2, popcnt, avx, avx2, aes, clmul, erms, 3dnowpref, lzcnt, ht, tsc, tscinvbit, bmi1, bmi2, adx, fma

Memory: 4k page, system-wide physical 16102M (2032M free)
TotalPageFile size 46467M (AvailPageFile size 0M)
current process WorkingSet (physical memory assigned to process): 554M, peak: 570M
current process commit charge ("private bytes"): 671M, peak: 761M

vm_info: OpenJDK 64-Bit Server VM (11.0.10+0-b96-7249189) for windows-amd64 JRE (11.0.10+0-b96-7249189), built on Mar 31 2021 21:44:00 by "builder" with MS VC++ 14.0 (VS2015)

END.
